<?xml version="1.0" encoding="UTF-8"?>
<!-- Generated by org.testng.reporters.JUnitXMLReporter -->
<testsuite hostname="Johnny.local" ignored="3" tests="0" failures="0" timestamp="2023-03-29T10:56:46 KST" time="0.011" errors="0">
  <testcase name="Templete_BulkRequest_E2E_OnCase_Singatory_1_" time="0.0" classname="Test_BulkRequest.Templete_BulkRequest_E2E_OnCase">
    <ignored/>
  </testcase> <!-- Templete_BulkRequest_E2E_OnCase_Singatory_1_ -->
  <testcase name="Templete_BulkRequest_E2E_OnCase_Singatory_2_" time="0.0" classname="Test_BulkRequest.Templete_BulkRequest_E2E_OnCase">
    <ignored/>
  </testcase> <!-- Templete_BulkRequest_E2E_OnCase_Singatory_2_ -->
  <testcase name="Templete_BulkRequest_E2E_OnCase" time="0.0" classname="Test_BulkRequest.Templete_BulkRequest_E2E_OnCase">
    <ignored/>
  </testcase> <!-- Templete_BulkRequest_E2E_OnCase -->
</testsuite>
