<?xml version="1.0" encoding="UTF-8"?>
<!-- Generated by org.testng.reporters.JUnitXMLReporter -->
<testsuite hostname="Johnny.local" ignored="1" name="Default test" tests="1" failures="0" timestamp="2023-03-10T18:02:14 KST" time="0.026" errors="0">
  <testcase name="Templete_BulkRequest_Off_Case" time="0.0" classname="Test_Regression_TC_Contract.Templete_BulkRequest_Off_Case">
    <skipped/>
  </testcase> <!-- Templete_BulkRequest_Off_Case -->
  <testcase name="Templete_BulkRequest_Off_CaseSingatory_1_" time="0.0" classname="Test_Regression_TC_Contract.Templete_BulkRequest_Off_Case">
    <ignored/>
  </testcase> <!-- Templete_BulkRequest_Off_CaseSingatory_1_ -->
</testsuite> <!-- Default test -->
