<?xml version="1.0" encoding="UTF-8"?>
<!-- Generated by org.testng.reporters.JUnitXMLReporter -->
<testsuite ignored="0" hostname="DESKTOP-F3B2TKP" failures="0" tests="3" name="Default test" time="19.617" errors="0" timestamp="2023-02-17T22:48:30 KST">
  <testcase classname="Script._1_Login" name="login" time="0.396"/>
  <testcase classname="Script._2_MainScreen" name="EnterContractSetupStart" time="1.387"/>
  <testcase classname="Script._3_Contract" name="Contract" time="8.463"/>
</testsuite> <!-- Default test -->
