<?xml version="1.0" encoding="UTF-8"?>
<!-- Generated by org.testng.reporters.JUnitXMLReporter -->
<testsuite ignored="0" hostname="DESKTOP-F3B2TKP" failures="0" tests="3" name="Default test" time="0.031" errors="0" timestamp="2023-03-05T13:13:32 KST">
  <testcase classname="Test._0_BaseTest" name="@BeforeTest initializeWebDriver" time="-1.677989612426E9">
    <failure type="org.testng.TestNGException" message="
Parameter &amp;apos;browser&amp;apos; is required by BeforeTest on method initializeWebDriver but has not been marked @Optional or defined
in C:\Users\tncls\AppData\Local\Temp\testng-eclipse--1046610248\testng-customsuite.xml">
      <![CDATA[org.testng.TestNGException: 
Parameter 'browser' is required by BeforeTest on method initializeWebDriver but has not been marked @Optional or defined
in C:\Users\tncls\AppData\Local\Temp\testng-eclipse--1046610248\testng-customsuite.xml
at org.testng.internal.Parameters.createParams(Parameters.java:270)
at org.testng.internal.Parameters.createParametersForMethod(Parameters.java:358)
at org.testng.internal.Parameters.createParameters(Parameters.java:700)
at org.testng.internal.Parameters.createConfigurationParameters(Parameters.java:168)
at org.testng.internal.ConfigInvoker.invokeConfigurations(ConfigInvoker.java:302)
at org.testng.TestRunner.invokeTestConfigurations(TestRunner.java:637)
at org.testng.TestRunner.beforeRun(TestRunner.java:627)
at org.testng.TestRunner.run(TestRunner.java:589)
at org.testng.SuiteRunner.runTest(SuiteRunner.java:377)
at org.testng.SuiteRunner.runSequentially(SuiteRunner.java:371)
at org.testng.SuiteRunner.privateRun(SuiteRunner.java:332)
at org.testng.SuiteRunner.run(SuiteRunner.java:276)
at org.testng.SuiteRunnerWorker.runSuite(SuiteRunnerWorker.java:53)
at org.testng.SuiteRunnerWorker.run(SuiteRunnerWorker.java:96)
at org.testng.TestNG.runSuitesSequentially(TestNG.java:1212)
at org.testng.TestNG.runSuitesLocally(TestNG.java:1134)
at org.testng.TestNG.runSuites(TestNG.java:1063)
at org.testng.TestNG.run(TestNG.java:1031)
at org.testng.remote.AbstractRemoteTestNG.run(AbstractRemoteTestNG.java:115)
at org.testng.remote.RemoteTestNG.initAndRun(RemoteTestNG.java:251)
at org.testng.remote.RemoteTestNG.main(RemoteTestNG.java:77)
]]>
    </failure>
  </testcase> <!-- @BeforeTest initializeWebDriver -->
  <testcase classname="Test._0_BaseTest" name="@AfterMethod tearDown" time="-1.677989612449E9">
    <skipped/>
  </testcase> <!-- @AfterMethod tearDown -->
  <testcase classname="Test._0_BaseTest" name="@AfterMethod tearDown" time="-1.677989612452E9">
    <skipped/>
  </testcase> <!-- @AfterMethod tearDown -->
  <testcase classname="Test._0_BaseTest" name="@AfterMethod tearDown" time="-1.677989612454E9">
    <skipped/>
  </testcase> <!-- @AfterMethod tearDown -->
  <testcase classname="Test_Regression_TC_Contract.NomarlAccount_NormalSign_On_Case" name="NomarlAccount_NormalSign_On_Case" time="0.0">
    <skipped/>
  </testcase> <!-- NomarlAccount_NormalSign_On_Case -->
  <testcase classname="Test_Regression_TC_Contract.NomarlAccount_NormalSign_On_Case" name="NomarlAccount_NormalSign_On_Case_Singatory_1_" time="0.0">
    <skipped/>
  </testcase> <!-- NomarlAccount_NormalSign_On_Case_Singatory_1_ -->
  <testcase classname="Test_Regression_TC_Contract.NomarlAccount_NormalSign_On_Case" name="NomarlAccount_NormalSign_On_Case_Singatory_2_" time="0.0">
    <skipped/>
  </testcase> <!-- NomarlAccount_NormalSign_On_Case_Singatory_2_ -->
</testsuite> <!-- Default test -->
