<?xml version="1.0" encoding="UTF-8"?>
<!-- Generated by org.testng.reporters.JUnitXMLReporter -->
<testsuite ignored="2" hostname="DESKTOP-F3B2TKP" failures="0" tests="3" name="Default test" time="8.457" errors="0" timestamp="2023-02-15T01:30:50 KST">
  <testcase classname="Script._1_Login" name="login" time="0.446"/>
  <testcase classname="Script._1_Login" name="login" time="0.408"/>
  <testcase classname="Script._2_MainScreen" name="ContreactSetupStart" time="0.809"/>
  <testcase classname="Script._0_Base" name="@AfterTest tearDown" time="0.0">
    <ignored/>
  </testcase> <!-- @AfterTest tearDown -->
  <testcase classname="Script._0_Base" name="@AfterTest tearDown" time="0.0">
    <ignored/>
  </testcase> <!-- @AfterTest tearDown -->
</testsuite> <!-- Default test -->
