<?xml version="1.0" encoding="UTF-8"?>
<!-- Generated by org.testng.reporters.JUnitXMLReporter -->
<testsuite hostname="Johnny.local" ignored="0" name="Test" tests="1" failures="0" timestamp="2023-02-28T09:35:07 KST" time="0.069" errors="0">
  <testcase name="@BeforeMethod initializeWebDriver" time="0.036" classname="Test._0_BaseTest">
    <failure type="java.lang.IllegalStateException" message="The driver executable does not exist: /Users/johnny/git/Selenium/SeleniumJO/C:\Users\tncls\Downloads\chromedriver_win32 (1)/chromedriver.exe">
      <![CDATA[java.lang.IllegalStateException: The driver executable does not exist: /Users/johnny/git/Selenium/SeleniumJO/C:\Users\tncls\Downloads\chromedriver_win32 (1)/chromedriver.exe
at com.google.common.base.Preconditions.checkState(Preconditions.java:585)
at org.openqa.selenium.remote.service.DriverService.checkExecutable(DriverService.java:146)
at org.openqa.selenium.remote.service.DriverService.findExecutable(DriverService.java:141)
at org.openqa.selenium.chrome.ChromeDriverService.access$000(ChromeDriverService.java:35)
at org.openqa.selenium.chrome.ChromeDriverService$Builder.findDefaultExecutable(ChromeDriverService.java:159)
at org.openqa.selenium.remote.service.DriverService$Builder.build(DriverService.java:355)
at org.openqa.selenium.chrome.ChromeDriverService.createDefaultService(ChromeDriverService.java:94)
at org.openqa.selenium.chrome.ChromeDriver.<init>(ChromeDriver.java:123)
at Test._0_BaseTest.initializeWebDriver(_0_BaseTest.java:63)
at java.util.ArrayList.forEach(ArrayList.java:1259)
... Removed 31 stack frames]]>
    </failure>
  </testcase> <!-- @BeforeMethod initializeWebDriver -->
  <testcase name="@AfterMethod tearDown" time="-1.67754450726E9" classname="Test._0_BaseTest">
    <skipped/>
  </testcase> <!-- @AfterMethod tearDown -->
  <testcase name="BaseScript" time="0.0" classname="Test.BaseScript_3_CancelSign">
    <skipped/>
  </testcase> <!-- BaseScript -->
</testsuite> <!-- Test -->
