<?xml version="1.0" encoding="UTF-8"?>
<!-- Generated by org.testng.reporters.JUnitXMLReporter -->
<testsuite hostname="Johnny.local" ignored="2" name="Test" tests="3" failures="0" timestamp="2023-02-22T10:35:12 KST" time="48.866" errors="0">
  <testcase name="ruru" time="19.155" classname="Test.ElieClass"/>
  <testcase name="ruru2" time="7.303" classname="Test.ElieClass2"/>
  <testcase name="ruru3" time="5.713" classname="Test.ElieClass3"/>
  <testcase name="@BeforeSuite createSuite" time="0.0" classname="Test._0_BaseTest">
    <ignored/>
  </testcase> <!-- @BeforeSuite createSuite -->
  <testcase name="@BeforeSuite createSuite" time="0.0" classname="Test._0_BaseTest">
    <ignored/>
  </testcase> <!-- @BeforeSuite createSuite -->
</testsuite> <!-- Test -->
