<?xml version="1.0" encoding="UTF-8"?>
<!-- Generated by org.testng.reporters.JUnitXMLReporter -->
<testsuite ignored="2" hostname="DESKTOP-F3B2TKP" failures="0" tests="3" name="Test" time="33.653" errors="0" timestamp="2023-02-22T02:29:50 KST">
  <testcase classname="Test.ElieClass" name="ruru" time="17.565"/>
  <testcase classname="Test.ElieClass2" name="ruru2" time="3.868"/>
  <testcase classname="Test.ElieClass3" name="ruru3" time="3.037"/>
  <testcase classname="Test._0_BaseTest" name="@BeforeSuite createSuite" time="0.0">
    <ignored/>
  </testcase> <!-- @BeforeSuite createSuite -->
  <testcase classname="Test._0_BaseTest" name="@BeforeSuite createSuite" time="0.0">
    <ignored/>
  </testcase> <!-- @BeforeSuite createSuite -->
</testsuite> <!-- Test -->
