<?xml version="1.0" encoding="UTF-8"?>
<!-- Generated by org.testng.reporters.JUnitXMLReporter -->
<testsuite ignored="0" hostname="DESKTOP-F3B2TKP" failures="0" tests="1" name="Test" time="12.409" errors="0" timestamp="2023-03-02T18:52:03 KST">
  <testcase classname="Testrail_client.TestrailAPI_Send" name="@AfterMethod afterMethod" time="0.858">
    <failure type="java.lang.Exception" message="TestRail API returned HTTP 400(&amp;quot;Field :case_id is not a valid ID.&amp;quot;)">
      <![CDATA[java.lang.Exception: TestRail API returned HTTP 400("Field :case_id is not a valid ID.")
at Testrail_client.APIClient.sendRequest(APIClient.java:276)
at Testrail_client.APIClient.sendPost(APIClient.java:112)
at Testrail_client.TestrailAPI_Send.afterMethod(TestrailAPI_Send.java:90)
at java.base/java.util.ArrayList.forEach(ArrayList.java:1511)
... Removed 32 stack frames]]>
    </failure>
  </testcase> <!-- @AfterMethod afterMethod -->
  <testcase classname="Test_Regression_TC.GNB" name="GNB" time="8.585"/>
</testsuite> <!-- Test -->
