<?xml version="1.0" encoding="UTF-8"?>
<!-- Generated by org.testng.reporters.JUnitXMLReporter -->
<testsuite hostname="Johnny.local" ignored="0" name="Test" tests="9" failures="0" timestamp="2023-03-03T16:46:52 KST" time="178.935" errors="0">
  <testcase name="NomarlAccount_NormalSign_Off_Case" time="13.194" classname="Test_Regression_TC_Contract.NomarlAccount_NormalSign_Off_Case"/>
  <testcase name="NomarlAccount_NormalSign_On_Case_Signatory_1_" time="13.752" classname="Test_Regression_TC_Contract.NomarlAccount_NormalSign_Off_Case"/>
  <testcase name="NomarlAccount_NormalSign_On_Case_Singatory_2_" time="13.337" classname="Test_Regression_TC_Contract.NomarlAccount_NormalSign_Off_Case"/>
  <testcase name="NomarlAccount_NormalSign_On_Case" time="16.11" classname="Test_Regression_TC_Contract.NomarlAccount_NormalSign_On_Case"/>
  <testcase name="NomarlAccount_NormalSign_On_Case_Singatory_1_" time="16.021" classname="Test_Regression_TC_Contract.NomarlAccount_NormalSign_On_Case"/>
  <testcase name="NomarlAccount_NormalSign_On_Case_Singatory_2_" time="12.201" classname="Test_Regression_TC_Contract.NomarlAccount_NormalSign_On_Case"/>
  <testcase name="NomarlAccount_NormalSign_On_Case" time="15.115" classname="Test_Regression_TC_Contract.NomarlAccount_NormalSign_On_Case2"/>
  <testcase name="NomarlAccount_NormalSign_On_Case_Singatory_1_" time="12.527" classname="Test_Regression_TC_Contract.NomarlAccount_NormalSign_On_Case2"/>
  <testcase name="NomarlAccount_NormalSign_On_Case_Singatory_2_" time="12.017" classname="Test_Regression_TC_Contract.NomarlAccount_NormalSign_On_Case2"/>
</testsuite> <!-- Test -->
