<?xml version="1.0" encoding="UTF-8"?>
<!-- Generated by org.testng.reporters.JUnitXMLReporter -->
<testsuite ignored="2" hostname="DESKTOP-F3B2TKP" failures="0" tests="3" name="Test" time="21.668" errors="0" timestamp="2023-02-20T01:04:12 KST">
  <testcase classname="Script._1_Login" name="login" time="0.421"/>
  <testcase classname="Script._2_MainScreen" name="EnterContractSetupStart" time="1.363"/>
  <testcase classname="Script._3_Contract" name="Contract" time="8.476"/>
  <testcase classname="Script._0_BaseTest" name="@BeforeSuite createSuite" time="0.0">
    <ignored/>
  </testcase> <!-- @BeforeSuite createSuite -->
  <testcase classname="Script._0_BaseTest" name="@BeforeSuite createSuite" time="0.0">
    <ignored/>
  </testcase> <!-- @BeforeSuite createSuite -->
</testsuite> <!-- Test -->
