<?xml version="1.0" encoding="UTF-8"?>
<testng-results ignored="0" total="1" passed="1" failed="0" skipped="0">
  <reporter-output>
  </reporter-output>
  <suite started-at="2023-02-19T21:47:43 KST" name="jdohnnyjangjang" finished-at="2023-02-19T21:47:47 KST" duration-ms="3774">
    <groups>
    </groups>
    <test started-at="2023-02-19T21:47:43 KST" name="Test" finished-at="2023-02-19T21:47:47 KST" duration-ms="3774">
      <class name="Script._1_Login">
        <test-method is-config="true" signature="initializeWebDriver()[pri:0, instance:Script._1_Login@67c33749]" started-at="2023-02-19T21:47:43 KST" name="initializeWebDriver" finished-at="2023-02-19T21:47:46 KST" duration-ms="3123" status="PASS">
          <reporter-output>
          </reporter-output>
        </test-method> <!-- initializeWebDriver -->
        <test-method signature="login()[pri:0, instance:Script._1_Login@67c33749]" started-at="2023-02-19T21:47:46 KST" name="login" finished-at="2023-02-19T21:47:46 KST" duration-ms="430" status="PASS">
          <reporter-output>
          </reporter-output>
        </test-method> <!-- login -->
        <test-method is-config="true" signature="tearDown()[pri:0, instance:Script._1_Login@67c33749]" started-at="2023-02-19T21:47:46 KST" name="tearDown" finished-at="2023-02-19T21:47:47 KST" duration-ms="199" status="PASS">
          <reporter-output>
          </reporter-output>
        </test-method> <!-- tearDown -->
      </class> <!-- Script._1_Login -->
    </test> <!-- Test -->
  </suite> <!-- jdohnnyjangjang -->
</testng-results>
