<?xml version="1.0" encoding="UTF-8"?>
<testng-results ignored="0" total="1" passed="1" failed="0" skipped="0">
  <reporter-output>
  </reporter-output>
  <suite started-at="2023-03-02T18:51:51 KST" name="jdohnnyjangjang" finished-at="2023-03-02T18:52:03 KST" duration-ms="12409">
    <groups>
    </groups>
    <test started-at="2023-03-02T18:51:51 KST" name="Test" finished-at="2023-03-02T18:52:03 KST" duration-ms="12409">
      <class name="Test_Regression_TC.GNB">
        <test-method is-config="true" signature="createSuite(org.testng.ITestContext)[pri:0, instance:Test_Regression_TC.GNB@49c7b90e]" started-at="2023-03-02T18:51:49 KST" name="createSuite" finished-at="2023-03-02T18:51:51 KST" duration-ms="1508" status="PASS">
          <params>
            <param index="0">
              <value>
                <![CDATA[org.testng.TestRunner@3a4ba480]]>
              </value>
            </param>
          </params>
          <reporter-output>
          </reporter-output>
        </test-method> <!-- createSuite -->
        <test-method is-config="true" signature="beforeTest(org.testng.ITestResult,org.testng.ITestContext,java.lang.reflect.Method)[pri:0, instance:Test_Regression_TC.GNB@49c7b90e]" started-at="2023-03-02T18:51:51 KST" name="beforeTest" finished-at="2023-03-02T18:51:51 KST" duration-ms="0" status="PASS">
          <params>
            <param index="0">
              <value>
                <![CDATA[[TestResult name={null} status=CREATED method=GNB.GNB()[pri:0, instance:Test_Regression_TC.GNB@49c7b90e] output={null}]]]>
              </value>
            </param>
            <param index="1">
              <value>
                <![CDATA[org.testng.TestRunner@3a4ba480]]>
              </value>
            </param>
            <param index="2">
              <value>
                <![CDATA[public void Test_Regression_TC.GNB.GNB() throws java.lang.InterruptedException]]>
              </value>
            </param>
          </params>
          <reporter-output>
          </reporter-output>
        </test-method> <!-- beforeTest -->
        <test-method is-config="true" signature="initializeWebDriver()[pri:0, instance:Test_Regression_TC.GNB@49c7b90e]" started-at="2023-03-02T18:51:51 KST" name="initializeWebDriver" finished-at="2023-03-02T18:51:54 KST" duration-ms="2946" status="PASS">
          <reporter-output>
          </reporter-output>
        </test-method> <!-- initializeWebDriver -->
        <test-method signature="GNB()[pri:0, instance:Test_Regression_TC.GNB@49c7b90e]" started-at="2023-03-02T18:51:54 KST" name="GNB" finished-at="2023-03-02T18:52:02 KST" duration-ms="8585" status="PASS">
          <reporter-output>
          </reporter-output>
        </test-method> <!-- GNB -->
        <test-method is-config="true" signature="tearDown()[pri:0, instance:Test_Regression_TC.GNB@49c7b90e]" started-at="2023-03-02T18:52:02 KST" name="tearDown" finished-at="2023-03-02T18:52:02 KST" duration-ms="0" status="PASS">
          <reporter-output>
          </reporter-output>
        </test-method> <!-- tearDown -->
        <test-method is-config="true" signature="afterMethod(org.testng.ITestResult,org.testng.ITestContext)[pri:0, instance:Test_Regression_TC.GNB@49c7b90e]" started-at="2023-03-02T18:52:02 KST" name="afterMethod" finished-at="2023-03-02T18:52:03 KST" duration-ms="858" status="FAIL">
          <params>
            <param index="0">
              <value>
                <![CDATA[[TestResult name=GNB status=SUCCESS method=GNB.GNB()[pri:0, instance:Test_Regression_TC.GNB@49c7b90e] output={null}]]]>
              </value>
            </param>
            <param index="1">
              <value>
                <![CDATA[org.testng.TestRunner@3a4ba480]]>
              </value>
            </param>
          </params>
          <exception class="java.lang.Exception">
            <message>
              <![CDATA[TestRail API returned HTTP 400("Field :case_id is not a valid ID.")]]>
            </message>
            <full-stacktrace>
              <![CDATA[java.lang.Exception: TestRail API returned HTTP 400("Field :case_id is not a valid ID.")
at Testrail_client.APIClient.sendRequest(APIClient.java:276)
at Testrail_client.APIClient.sendPost(APIClient.java:112)
at Testrail_client.TestrailAPI_Send.afterMethod(TestrailAPI_Send.java:90)
at java.base/jdk.internal.reflect.NativeMethodAccessorImpl.invoke0(Native Method)
at java.base/jdk.internal.reflect.NativeMethodAccessorImpl.invoke(NativeMethodAccessorImpl.java:77)
at java.base/jdk.internal.reflect.DelegatingMethodAccessorImpl.invoke(DelegatingMethodAccessorImpl.java:43)
at java.base/java.lang.reflect.Method.invoke(Method.java:568)
at org.testng.internal.MethodInvocationHelper.invokeMethod(MethodInvocationHelper.java:133)
at org.testng.internal.MethodInvocationHelper.invokeMethodConsideringTimeout(MethodInvocationHelper.java:62)
at org.testng.internal.ConfigInvoker.invokeConfigurationMethod(ConfigInvoker.java:385)
at org.testng.internal.ConfigInvoker.invokeConfigurations(ConfigInvoker.java:321)
at org.testng.internal.TestInvoker.runConfigMethods(TestInvoker.java:700)
at org.testng.internal.TestInvoker.runAfterGroupsConfigurations(TestInvoker.java:676)
at org.testng.internal.TestInvoker.invokeMethod(TestInvoker.java:660)
at org.testng.internal.TestInvoker.invokeTestMethod(TestInvoker.java:173)
at org.testng.internal.MethodRunner.runInSequence(MethodRunner.java:46)
at org.testng.internal.TestInvoker$MethodInvocationAgent.invoke(TestInvoker.java:824)
at org.testng.internal.TestInvoker.invokeTestMethods(TestInvoker.java:146)
at org.testng.internal.TestMethodWorker.invokeTestMethods(TestMethodWorker.java:146)
at org.testng.internal.TestMethodWorker.run(TestMethodWorker.java:128)
at java.base/java.util.ArrayList.forEach(ArrayList.java:1511)
at org.testng.TestRunner.privateRun(TestRunner.java:794)
at org.testng.TestRunner.run(TestRunner.java:596)
at org.testng.SuiteRunner.runTest(SuiteRunner.java:377)
at org.testng.SuiteRunner.runSequentially(SuiteRunner.java:371)
at org.testng.SuiteRunner.privateRun(SuiteRunner.java:332)
at org.testng.SuiteRunner.run(SuiteRunner.java:276)
at org.testng.SuiteRunnerWorker.runSuite(SuiteRunnerWorker.java:53)
at org.testng.SuiteRunnerWorker.run(SuiteRunnerWorker.java:96)
at org.testng.TestNG.runSuitesSequentially(TestNG.java:1212)
at org.testng.TestNG.runSuitesLocally(TestNG.java:1134)
at org.testng.TestNG.runSuites(TestNG.java:1063)
at org.testng.TestNG.run(TestNG.java:1031)
at org.testng.remote.AbstractRemoteTestNG.run(AbstractRemoteTestNG.java:115)
at org.testng.remote.RemoteTestNG.initAndRun(RemoteTestNG.java:251)
at org.testng.remote.RemoteTestNG.main(RemoteTestNG.java:77)
]]>
            </full-stacktrace>
          </exception> <!-- java.lang.Exception -->
          <reporter-output>
          </reporter-output>
        </test-method> <!-- afterMethod -->
      </class> <!-- Test_Regression_TC.GNB -->
    </test> <!-- Test -->
  </suite> <!-- jdohnnyjangjang -->
</testng-results>
