<?xml version="1.0" encoding="UTF-8"?>
<testng-results skipped="0" failed="0" ignored="15" total="25" passed="10">
  <reporter-output>
  </reporter-output>
  <suite name="Johnny jangjang" duration-ms="373885" started-at="2023-03-29T10:20:38 KST" finished-at="2023-03-29T10:26:52 KST">
    <groups>
    </groups>
    <test name="ChromeTest" duration-ms="373885" started-at="2023-03-29T10:20:38 KST" finished-at="2023-03-29T10:26:52 KST">
      <class name="Test_BulkRequest.Templete_BulkRequest_E2E_OnCase">
        <test-method status="PASS" signature="initializeWebDriver(java.lang.String)[pri:0, instance:Test_BulkRequest.Templete_BulkRequest_E2E_OnCase@782663d3]" name="initializeWebDriver" is-config="true" duration-ms="13565" started-at="2023-03-29T10:21:39 KST" finished-at="2023-03-29T10:21:52 KST">
          <params>
            <param index="0">
              <value>
                <![CDATA[Chrome]]>
              </value>
            </param>
          </params>
          <reporter-output>
          </reporter-output>
        </test-method> <!-- initializeWebDriver -->
        <test-method status="PASS" signature="Templete_BulkRequest_E2E_OnCase(java.lang.String)[pri:1, instance:Test_BulkRequest.Templete_BulkRequest_E2E_OnCase@782663d3]" name="Templete_BulkRequest_E2E_OnCase" duration-ms="26782" started-at="2023-03-29T10:21:52 KST" finished-at="2023-03-29T10:22:19 KST">
          <params>
            <param index="0">
              <value>
                <![CDATA[joshinauto1@getnada.com]]>
              </value>
            </param>
          </params>
          <reporter-output>
          </reporter-output>
        </test-method> <!-- Templete_BulkRequest_E2E_OnCase -->
        <test-method status="PASS" signature="tearDown(org.testng.ITestResult)[pri:0, instance:Test_BulkRequest.Templete_BulkRequest_E2E_OnCase@782663d3]" name="tearDown" is-config="true" duration-ms="459" started-at="2023-03-29T10:22:19 KST" finished-at="2023-03-29T10:22:20 KST">
          <params>
            <param index="0">
              <value>
                <![CDATA[[TestResult name=Templete_BulkRequest_E2E_OnCase status=SUCCESS method=Templete_BulkRequest_E2E_OnCase.Templete_BulkRequest_E2E_OnCase(java.lang.String)[pri:1, instance:Test_BulkRequest.Templete_BulkRequest_E2E_OnCase@782663d3] output={null}]]]>
              </value>
            </param>
          </params>
          <reporter-output>
          </reporter-output>
        </test-method> <!-- tearDown -->
        <test-method status="PASS" signature="initializeWebDriver(java.lang.String)[pri:0, instance:Test_BulkRequest.Templete_BulkRequest_E2E_OnCase@782663d3]" name="initializeWebDriver" is-config="true" duration-ms="15937" started-at="2023-03-29T10:22:20 KST" finished-at="2023-03-29T10:22:36 KST">
          <params>
            <param index="0">
              <value>
                <![CDATA[Chrome]]>
              </value>
            </param>
          </params>
          <reporter-output>
          </reporter-output>
        </test-method> <!-- initializeWebDriver -->
        <test-method status="PASS" signature="Templete_BulkRequest_E2E_OnCase_Singatory_1_(java.lang.String)[pri:2, instance:Test_BulkRequest.Templete_BulkRequest_E2E_OnCase@782663d3]" name="Templete_BulkRequest_E2E_OnCase_Singatory_1_" duration-ms="23520" started-at="2023-03-29T10:22:36 KST" finished-at="2023-03-29T10:22:59 KST">
          <params>
            <param index="0">
              <value>
                <![CDATA[joshinauto2@getnada.com]]>
              </value>
            </param>
          </params>
          <reporter-output>
          </reporter-output>
        </test-method> <!-- Templete_BulkRequest_E2E_OnCase_Singatory_1_ -->
        <test-method status="PASS" signature="tearDown(org.testng.ITestResult)[pri:0, instance:Test_BulkRequest.Templete_BulkRequest_E2E_OnCase@782663d3]" name="tearDown" is-config="true" duration-ms="409" started-at="2023-03-29T10:22:59 KST" finished-at="2023-03-29T10:23:00 KST">
          <params>
            <param index="0">
              <value>
                <![CDATA[[TestResult name=Templete_BulkRequest_E2E_OnCase_Singatory_1_ status=SUCCESS method=Templete_BulkRequest_E2E_OnCase.Templete_BulkRequest_E2E_OnCase_Singatory_1_(java.lang.String)[pri:2, instance:Test_BulkRequest.Templete_BulkRequest_E2E_OnCase@782663d3] output={null}]]]>
              </value>
            </param>
          </params>
          <reporter-output>
          </reporter-output>
        </test-method> <!-- tearDown -->
        <test-method status="PASS" signature="initializeWebDriver(java.lang.String)[pri:0, instance:Test_BulkRequest.Templete_BulkRequest_E2E_OnCase@782663d3]" name="initializeWebDriver" is-config="true" duration-ms="13252" started-at="2023-03-29T10:23:00 KST" finished-at="2023-03-29T10:23:13 KST">
          <params>
            <param index="0">
              <value>
                <![CDATA[Chrome]]>
              </value>
            </param>
          </params>
          <reporter-output>
          </reporter-output>
        </test-method> <!-- initializeWebDriver -->
        <test-method status="PASS" signature="Templete_BulkRequest_E2E_OnCase_Singatory_2_(java.lang.String)[pri:3, instance:Test_BulkRequest.Templete_BulkRequest_E2E_OnCase@782663d3]" name="Templete_BulkRequest_E2E_OnCase_Singatory_2_" duration-ms="22216" started-at="2023-03-29T10:23:13 KST" finished-at="2023-03-29T10:23:35 KST">
          <params>
            <param index="0">
              <value>
                <![CDATA[joshinauto3@getnada.com]]>
              </value>
            </param>
          </params>
          <reporter-output>
          </reporter-output>
        </test-method> <!-- Templete_BulkRequest_E2E_OnCase_Singatory_2_ -->
        <test-method status="PASS" signature="tearDown(org.testng.ITestResult)[pri:0, instance:Test_BulkRequest.Templete_BulkRequest_E2E_OnCase@782663d3]" name="tearDown" is-config="true" duration-ms="412" started-at="2023-03-29T10:23:35 KST" finished-at="2023-03-29T10:23:35 KST">
          <params>
            <param index="0">
              <value>
                <![CDATA[[TestResult name=Templete_BulkRequest_E2E_OnCase_Singatory_2_ status=SUCCESS method=Templete_BulkRequest_E2E_OnCase.Templete_BulkRequest_E2E_OnCase_Singatory_2_(java.lang.String)[pri:3, instance:Test_BulkRequest.Templete_BulkRequest_E2E_OnCase@782663d3] output={null}]]]>
              </value>
            </param>
          </params>
          <reporter-output>
          </reporter-output>
        </test-method> <!-- tearDown -->
      </class> <!-- Test_BulkRequest.Templete_BulkRequest_E2E_OnCase -->
      <class name="Test_BulkRequest.Templete_BulkRequest_E2E_OnCase_Many">
        <test-method status="PASS" signature="initializeWebDriver(java.lang.String)[pri:0, instance:Test_BulkRequest.Templete_BulkRequest_E2E_OnCase_Many@1990a65e]" name="initializeWebDriver" is-config="true" duration-ms="12368" started-at="2023-03-29T10:23:35 KST" finished-at="2023-03-29T10:23:48 KST">
          <params>
            <param index="0">
              <value>
                <![CDATA[Chrome]]>
              </value>
            </param>
          </params>
          <reporter-output>
          </reporter-output>
        </test-method> <!-- initializeWebDriver -->
        <test-method status="PASS" signature="Templete_BulkRequest_E2E_OnCase_Many(java.lang.String)[pri:1, instance:Test_BulkRequest.Templete_BulkRequest_E2E_OnCase_Many@1990a65e]" name="Templete_BulkRequest_E2E_OnCase_Many" duration-ms="45517" started-at="2023-03-29T10:23:48 KST" finished-at="2023-03-29T10:24:33 KST">
          <params>
            <param index="0">
              <value>
                <![CDATA[joshinauto1@getnada.com]]>
              </value>
            </param>
          </params>
          <reporter-output>
          </reporter-output>
        </test-method> <!-- Templete_BulkRequest_E2E_OnCase_Many -->
        <test-method status="PASS" signature="tearDown(org.testng.ITestResult)[pri:0, instance:Test_BulkRequest.Templete_BulkRequest_E2E_OnCase_Many@1990a65e]" name="tearDown" is-config="true" duration-ms="409" started-at="2023-03-29T10:24:33 KST" finished-at="2023-03-29T10:24:34 KST">
          <params>
            <param index="0">
              <value>
                <![CDATA[[TestResult name=Templete_BulkRequest_E2E_OnCase_Many status=SUCCESS method=Templete_BulkRequest_E2E_OnCase_Many.Templete_BulkRequest_E2E_OnCase_Many(java.lang.String)[pri:1, instance:Test_BulkRequest.Templete_BulkRequest_E2E_OnCase_Many@1990a65e] output={null}]]]>
              </value>
            </param>
          </params>
          <reporter-output>
          </reporter-output>
        </test-method> <!-- tearDown -->
        <test-method status="PASS" signature="initializeWebDriver(java.lang.String)[pri:0, instance:Test_BulkRequest.Templete_BulkRequest_E2E_OnCase_Many@1990a65e]" name="initializeWebDriver" is-config="true" duration-ms="14642" started-at="2023-03-29T10:24:34 KST" finished-at="2023-03-29T10:24:48 KST">
          <params>
            <param index="0">
              <value>
                <![CDATA[Chrome]]>
              </value>
            </param>
          </params>
          <reporter-output>
          </reporter-output>
        </test-method> <!-- initializeWebDriver -->
        <test-method status="PASS" signature="Templete_BulkRequest_E2E_OnCase_Many_Singatory_1_(java.lang.String)[pri:2, instance:Test_BulkRequest.Templete_BulkRequest_E2E_OnCase_Many@1990a65e]" name="Templete_BulkRequest_E2E_OnCase_Many_Singatory_1_" duration-ms="22527" started-at="2023-03-29T10:24:48 KST" finished-at="2023-03-29T10:25:11 KST">
          <params>
            <param index="0">
              <value>
                <![CDATA[joshinauto2@getnada.com]]>
              </value>
            </param>
          </params>
          <reporter-output>
          </reporter-output>
        </test-method> <!-- Templete_BulkRequest_E2E_OnCase_Many_Singatory_1_ -->
        <test-method status="PASS" signature="tearDown(org.testng.ITestResult)[pri:0, instance:Test_BulkRequest.Templete_BulkRequest_E2E_OnCase_Many@1990a65e]" name="tearDown" is-config="true" duration-ms="404" started-at="2023-03-29T10:25:11 KST" finished-at="2023-03-29T10:25:11 KST">
          <params>
            <param index="0">
              <value>
                <![CDATA[[TestResult name=Templete_BulkRequest_E2E_OnCase_Many_Singatory_1_ status=SUCCESS method=Templete_BulkRequest_E2E_OnCase_Many.Templete_BulkRequest_E2E_OnCase_Many_Singatory_1_(java.lang.String)[pri:2, instance:Test_BulkRequest.Templete_BulkRequest_E2E_OnCase_Many@1990a65e] output={null}]]]>
              </value>
            </param>
          </params>
          <reporter-output>
          </reporter-output>
        </test-method> <!-- tearDown -->
        <test-method status="PASS" signature="initializeWebDriver(java.lang.String)[pri:0, instance:Test_BulkRequest.Templete_BulkRequest_E2E_OnCase_Many@1990a65e]" name="initializeWebDriver" is-config="true" duration-ms="14019" started-at="2023-03-29T10:25:11 KST" finished-at="2023-03-29T10:25:25 KST">
          <params>
            <param index="0">
              <value>
                <![CDATA[Chrome]]>
              </value>
            </param>
          </params>
          <reporter-output>
          </reporter-output>
        </test-method> <!-- initializeWebDriver -->
        <test-method status="PASS" signature="Templete_BulkRequest_E2E_OnCase_Many_Singatory_2_(java.lang.String)[pri:3, instance:Test_BulkRequest.Templete_BulkRequest_E2E_OnCase_Many@1990a65e]" name="Templete_BulkRequest_E2E_OnCase_Many_Singatory_2_" duration-ms="20786" started-at="2023-03-29T10:25:25 KST" finished-at="2023-03-29T10:25:46 KST">
          <params>
            <param index="0">
              <value>
                <![CDATA[joshinauto3@getnada.com]]>
              </value>
            </param>
          </params>
          <reporter-output>
          </reporter-output>
        </test-method> <!-- Templete_BulkRequest_E2E_OnCase_Many_Singatory_2_ -->
        <test-method status="PASS" signature="tearDown(org.testng.ITestResult)[pri:0, instance:Test_BulkRequest.Templete_BulkRequest_E2E_OnCase_Many@1990a65e]" name="tearDown" is-config="true" duration-ms="362" started-at="2023-03-29T10:25:46 KST" finished-at="2023-03-29T10:25:46 KST">
          <params>
            <param index="0">
              <value>
                <![CDATA[[TestResult name=Templete_BulkRequest_E2E_OnCase_Many_Singatory_2_ status=SUCCESS method=Templete_BulkRequest_E2E_OnCase_Many.Templete_BulkRequest_E2E_OnCase_Many_Singatory_2_(java.lang.String)[pri:3, instance:Test_BulkRequest.Templete_BulkRequest_E2E_OnCase_Many@1990a65e] output={null}]]]>
              </value>
            </param>
          </params>
          <reporter-output>
          </reporter-output>
        </test-method> <!-- tearDown -->
      </class> <!-- Test_BulkRequest.Templete_BulkRequest_E2E_OnCase_Many -->
      <class name="Test_BulkRequest.Templete_BulkRequest_E2E_DefaultCase">
        <test-method status="PASS" signature="initializeWebDriver(java.lang.String)[pri:0, instance:Test_BulkRequest.Templete_BulkRequest_E2E_DefaultCase@42607a4f]" name="initializeWebDriver" is-config="true" duration-ms="16708" started-at="2023-03-29T10:20:38 KST" finished-at="2023-03-29T10:20:54 KST">
          <params>
            <param index="0">
              <value>
                <![CDATA[Chrome]]>
              </value>
            </param>
          </params>
          <reporter-output>
          </reporter-output>
        </test-method> <!-- initializeWebDriver -->
        <test-method status="PASS" signature="Templete_BulkRequest_E2E_DefaultCase(java.lang.String)[pri:1, instance:Test_BulkRequest.Templete_BulkRequest_E2E_DefaultCase@42607a4f]" name="Templete_BulkRequest_E2E_DefaultCase" duration-ms="18346" started-at="2023-03-29T10:20:54 KST" finished-at="2023-03-29T10:21:13 KST">
          <params>
            <param index="0">
              <value>
                <![CDATA[joshinauto1@getnada.com]]>
              </value>
            </param>
          </params>
          <reporter-output>
          </reporter-output>
        </test-method> <!-- Templete_BulkRequest_E2E_DefaultCase -->
        <test-method status="PASS" signature="tearDown(org.testng.ITestResult)[pri:0, instance:Test_BulkRequest.Templete_BulkRequest_E2E_DefaultCase@42607a4f]" name="tearDown" is-config="true" duration-ms="412" started-at="2023-03-29T10:21:13 KST" finished-at="2023-03-29T10:21:13 KST">
          <params>
            <param index="0">
              <value>
                <![CDATA[[TestResult name=Templete_BulkRequest_E2E_DefaultCase status=SUCCESS method=Templete_BulkRequest_E2E_DefaultCase.Templete_BulkRequest_E2E_DefaultCase(java.lang.String)[pri:1, instance:Test_BulkRequest.Templete_BulkRequest_E2E_DefaultCase@42607a4f] output={null}]]]>
              </value>
            </param>
          </params>
          <reporter-output>
          </reporter-output>
        </test-method> <!-- tearDown -->
        <test-method status="PASS" signature="initializeWebDriver(java.lang.String)[pri:0, instance:Test_BulkRequest.Templete_BulkRequest_E2E_DefaultCase@42607a4f]" name="initializeWebDriver" is-config="true" duration-ms="12623" started-at="2023-03-29T10:21:13 KST" finished-at="2023-03-29T10:21:26 KST">
          <params>
            <param index="0">
              <value>
                <![CDATA[Chrome]]>
              </value>
            </param>
          </params>
          <reporter-output>
          </reporter-output>
        </test-method> <!-- initializeWebDriver -->
        <test-method status="PASS" signature="Templete_BulkRequest_E2E_DefaultCase_Singatory_1_(java.lang.String)[pri:2, instance:Test_BulkRequest.Templete_BulkRequest_E2E_DefaultCase@42607a4f]" name="Templete_BulkRequest_E2E_DefaultCase_Singatory_1_" duration-ms="12680" started-at="2023-03-29T10:21:26 KST" finished-at="2023-03-29T10:21:39 KST">
          <params>
            <param index="0">
              <value>
                <![CDATA[joshinauto2@getnada.com]]>
              </value>
            </param>
          </params>
          <reporter-output>
          </reporter-output>
        </test-method> <!-- Templete_BulkRequest_E2E_DefaultCase_Singatory_1_ -->
        <test-method status="PASS" signature="tearDown(org.testng.ITestResult)[pri:0, instance:Test_BulkRequest.Templete_BulkRequest_E2E_DefaultCase@42607a4f]" name="tearDown" is-config="true" duration-ms="319" started-at="2023-03-29T10:21:39 KST" finished-at="2023-03-29T10:21:39 KST">
          <params>
            <param index="0">
              <value>
                <![CDATA[[TestResult name=Templete_BulkRequest_E2E_DefaultCase_Singatory_1_ status=SUCCESS method=Templete_BulkRequest_E2E_DefaultCase.Templete_BulkRequest_E2E_DefaultCase_Singatory_1_(java.lang.String)[pri:2, instance:Test_BulkRequest.Templete_BulkRequest_E2E_DefaultCase@42607a4f] output={null}]]]>
              </value>
            </param>
          </params>
          <reporter-output>
          </reporter-output>
        </test-method> <!-- tearDown -->
      </class> <!-- Test_BulkRequest.Templete_BulkRequest_E2E_DefaultCase -->
      <class name="Test_BulkRequest.Templete_BulkRequest_FailCase">
        <test-method status="PASS" signature="initializeWebDriver(java.lang.String)[pri:0, instance:Test_BulkRequest.Templete_BulkRequest_FailCase@64485a47]" name="initializeWebDriver" is-config="true" duration-ms="16657" started-at="2023-03-29T10:25:46 KST" finished-at="2023-03-29T10:26:03 KST">
          <params>
            <param index="0">
              <value>
                <![CDATA[Chrome]]>
              </value>
            </param>
          </params>
          <reporter-output>
          </reporter-output>
        </test-method> <!-- initializeWebDriver -->
        <test-method status="PASS" signature="Templete_BulkRequest_FailCase(java.lang.String)[pri:1, instance:Test_BulkRequest.Templete_BulkRequest_FailCase@64485a47]" name="Templete_BulkRequest_FailCase" duration-ms="11737" started-at="2023-03-29T10:26:03 KST" finished-at="2023-03-29T10:26:15 KST">
          <params>
            <param index="0">
              <value>
                <![CDATA[joshinauto1@getnada.com]]>
              </value>
            </param>
          </params>
          <reporter-output>
          </reporter-output>
        </test-method> <!-- Templete_BulkRequest_FailCase -->
        <test-method status="PASS" signature="tearDown(org.testng.ITestResult)[pri:0, instance:Test_BulkRequest.Templete_BulkRequest_FailCase@64485a47]" name="tearDown" is-config="true" duration-ms="358" started-at="2023-03-29T10:26:15 KST" finished-at="2023-03-29T10:26:15 KST">
          <params>
            <param index="0">
              <value>
                <![CDATA[[TestResult name=Templete_BulkRequest_FailCase status=SUCCESS method=Templete_BulkRequest_FailCase.Templete_BulkRequest_FailCase(java.lang.String)[pri:1, instance:Test_BulkRequest.Templete_BulkRequest_FailCase@64485a47] output={null}]]]>
              </value>
            </param>
          </params>
          <reporter-output>
          </reporter-output>
        </test-method> <!-- tearDown -->
      </class> <!-- Test_BulkRequest.Templete_BulkRequest_FailCase -->
      <class name="Test_BulkRequest.Templete_BulkRequest_TestSend">
        <test-method status="PASS" signature="initializeWebDriver(java.lang.String)[pri:0, instance:Test_BulkRequest.Templete_BulkRequest_TestSend@25bbf683]" name="initializeWebDriver" is-config="true" duration-ms="13440" started-at="2023-03-29T10:26:15 KST" finished-at="2023-03-29T10:26:29 KST">
          <params>
            <param index="0">
              <value>
                <![CDATA[Chrome]]>
              </value>
            </param>
          </params>
          <reporter-output>
          </reporter-output>
        </test-method> <!-- initializeWebDriver -->
        <test-method status="PASS" signature="Templete_BulkRequest_TestSend(java.lang.String)[pri:1, instance:Test_BulkRequest.Templete_BulkRequest_TestSend@25bbf683]" name="Templete_BulkRequest_TestSend" duration-ms="22596" started-at="2023-03-29T10:26:29 KST" finished-at="2023-03-29T10:26:51 KST">
          <params>
            <param index="0">
              <value>
                <![CDATA[joshinauto1@getnada.com]]>
              </value>
            </param>
          </params>
          <reporter-output>
          </reporter-output>
        </test-method> <!-- Templete_BulkRequest_TestSend -->
        <test-method status="PASS" signature="tearDown(org.testng.ITestResult)[pri:0, instance:Test_BulkRequest.Templete_BulkRequest_TestSend@25bbf683]" name="tearDown" is-config="true" duration-ms="373" started-at="2023-03-29T10:26:51 KST" finished-at="2023-03-29T10:26:52 KST">
          <params>
            <param index="0">
              <value>
                <![CDATA[[TestResult name=Templete_BulkRequest_TestSend status=SUCCESS method=Templete_BulkRequest_TestSend.Templete_BulkRequest_TestSend(java.lang.String)[pri:1, instance:Test_BulkRequest.Templete_BulkRequest_TestSend@25bbf683] output={null}]]]>
              </value>
            </param>
          </params>
          <reporter-output>
          </reporter-output>
        </test-method> <!-- tearDown -->
      </class> <!-- Test_BulkRequest.Templete_BulkRequest_TestSend -->
    </test> <!-- ChromeTest -->
  </suite> <!-- Johnny jangjang -->
</testng-results>
