<?xml version="1.0" encoding="UTF-8"?>
<testng-results ignored="0" total="2" passed="2" failed="0" skipped="0">
  <reporter-output>
  </reporter-output>
  <suite started-at="2023-02-14T00:50:50 KST" name="Default suite" finished-at="2023-02-14T00:50:53 KST" duration-ms="3739">
    <groups>
    </groups>
    <test started-at="2023-02-14T00:50:50 KST" name="Default test" finished-at="2023-02-14T00:50:53 KST" duration-ms="3739">
      <class name="Test._1_modusign_POM">
        <test-method is-config="true" signature="lauchdriver()[pri:0, instance:Test._1_modusign_POM@6d4e5011]" started-at="2023-02-14T00:50:50 KST" name="lauchdriver" finished-at="2023-02-14T00:50:50 KST" duration-ms="5" status="PASS">
          <reporter-output>
          </reporter-output>
        </test-method> <!-- lauchdriver -->
        <test-method is-config="true" signature="setUp()[pri:0, instance:Test._1_modusign_POM@6d4e5011]" started-at="2023-02-14T00:50:50 KST" name="setUp" finished-at="2023-02-14T00:50:51 KST" duration-ms="935" status="PASS">
          <reporter-output>
          </reporter-output>
        </test-method> <!-- setUp -->
        <test-method signature="Homepage()[pri:1, instance:Test._1_modusign_POM@6d4e5011]" started-at="2023-02-14T00:50:51 KST" name="Homepage" finished-at="2023-02-14T00:50:53 KST" duration-ms="2625" status="PASS">
          <reporter-output>
          </reporter-output>
        </test-method> <!-- Homepage -->
        <test-method signature="login()[pri:2, instance:Test._1_modusign_POM@6d4e5011]" started-at="2023-02-14T00:50:53 KST" name="login" finished-at="2023-02-14T00:50:53 KST" duration-ms="157" status="PASS">
          <reporter-output>
          </reporter-output>
        </test-method> <!-- login -->
        <test-method is-config="true" signature="tearDown()[pri:0, instance:Test._1_modusign_POM@6d4e5011]" started-at="2023-02-14T00:50:53 KST" name="tearDown" finished-at="2023-02-14T00:50:53 KST" duration-ms="0" status="PASS">
          <reporter-output>
          </reporter-output>
        </test-method> <!-- tearDown -->
      </class> <!-- Test._1_modusign_POM -->
    </test> <!-- Default test -->
  </suite> <!-- Default suite -->
</testng-results>
