<?xml version="1.0" encoding="UTF-8"?>
<testng-results skipped="0" failed="0" ignored="0" total="1" passed="1">
  <reporter-output>
  </reporter-output>
  <suite name="jdohnnyjangjang" duration-ms="17768" started-at="2023-03-06T13:21:34 KST" finished-at="2023-03-06T13:21:51 KST">
    <groups>
    </groups>
    <test name="ChromeTest" duration-ms="17752" started-at="2023-03-06T13:21:34 KST" finished-at="2023-03-06T13:21:51 KST">
      <class name="Test_Regression_TC.GNB">
        <test-method status="PASS" signature="initializeWebDriver(java.lang.String)[pri:0, instance:Test_Regression_TC.GNB@7a1ebcd8]" name="initializeWebDriver" is-config="true" duration-ms="8770" started-at="2023-03-06T13:21:34 KST" finished-at="2023-03-06T13:21:42 KST">
          <params>
            <param index="0">
              <value>
                <![CDATA[Chrome]]>
              </value>
            </param>
          </params>
          <reporter-output>
          </reporter-output>
        </test-method> <!-- initializeWebDriver -->
        <test-method status="PASS" signature="GNB()[pri:0, instance:Test_Regression_TC.GNB@7a1ebcd8]" name="GNB" duration-ms="8820" started-at="2023-03-06T13:21:42 KST" finished-at="2023-03-06T13:21:51 KST">
          <reporter-output>
          </reporter-output>
        </test-method> <!-- GNB -->
        <test-method status="PASS" signature="tearDown()[pri:0, instance:Test_Regression_TC.GNB@7a1ebcd8]" name="tearDown" is-config="true" duration-ms="134" started-at="2023-03-06T13:21:51 KST" finished-at="2023-03-06T13:21:51 KST">
          <reporter-output>
          </reporter-output>
        </test-method> <!-- tearDown -->
      </class> <!-- Test_Regression_TC.GNB -->
    </test> <!-- ChromeTest -->
    <test name="EdgeTest" duration-ms="0" started-at="2023-03-06T13:21:51 KST" finished-at="2023-03-06T13:21:51 KST">
    </test> <!-- EdgeTest -->
    <test name="SafariTest" duration-ms="1" started-at="2023-03-06T13:21:51 KST" finished-at="2023-03-06T13:21:51 KST">
    </test> <!-- SafariTest -->
  </suite> <!-- jdohnnyjangjang -->
</testng-results>
