<?xml version="1.0" encoding="UTF-8"?>
<testng-results ignored="2" total="5" passed="3" failed="0" skipped="0">
  <reporter-output>
  </reporter-output>
  <suite started-at="2023-02-15T01:30:42 KST" name="Default suite" finished-at="2023-02-15T01:30:50 KST" duration-ms="8457">
    <groups>
    </groups>
    <test started-at="2023-02-15T01:30:42 KST" name="Default test" finished-at="2023-02-15T01:30:50 KST" duration-ms="8457">
      <class name="Script._1_Login">
        <test-method is-config="true" signature="initializeWebDriver()[pri:0, instance:Script._1_Login@6d4e5011]" started-at="2023-02-15T01:30:42 KST" name="initializeWebDriver" finished-at="2023-02-15T01:30:45 KST" duration-ms="3228" status="PASS">
          <reporter-output>
          </reporter-output>
        </test-method> <!-- initializeWebDriver -->
        <test-method signature="login()[pri:1, instance:Script._1_Login@6d4e5011]" started-at="2023-02-15T01:30:45 KST" name="login" finished-at="2023-02-15T01:30:46 KST" duration-ms="446" status="PASS">
          <reporter-output>
          </reporter-output>
        </test-method> <!-- login -->
        <test-method is-config="true" signature="tearDown()[pri:0, instance:Script._1_Login@6d4e5011]" started-at="2023-02-15T01:30:50 KST" name="tearDown" finished-at="2023-02-15T01:30:50 KST" duration-ms="0" status="PASS">
          <reporter-output>
          </reporter-output>
        </test-method> <!-- tearDown -->
      </class> <!-- Script._1_Login -->
      <class name="Script._2_MainScreen">
        <test-method is-config="true" signature="initializeWebDriver()[pri:0, instance:Script._2_MainScreen@2a54a73f]" started-at="2023-02-15T01:30:46 KST" name="initializeWebDriver" finished-at="2023-02-15T01:30:49 KST" duration-ms="3544" status="PASS">
          <reporter-output>
          </reporter-output>
        </test-method> <!-- initializeWebDriver -->
        <test-method signature="login()[pri:1, instance:Script._2_MainScreen@2a54a73f]" started-at="2023-02-15T01:30:49 KST" name="login" finished-at="2023-02-15T01:30:50 KST" duration-ms="408" status="PASS">
          <reporter-output>
          </reporter-output>
        </test-method> <!-- login -->
        <test-method signature="ContreactSetupStart()[pri:2, instance:Script._2_MainScreen@2a54a73f]" started-at="2023-02-15T01:30:50 KST" name="ContreactSetupStart" finished-at="2023-02-15T01:30:50 KST" duration-ms="809" status="PASS">
          <reporter-output>
          </reporter-output>
        </test-method> <!-- ContreactSetupStart -->
      </class> <!-- Script._2_MainScreen -->
    </test> <!-- Default test -->
  </suite> <!-- Default suite -->
</testng-results>
