<?xml version="1.0" encoding="UTF-8"?>
<testng-results ignored="0" total="1" passed="1" failed="0" skipped="0">
  <reporter-output>
  </reporter-output>
  <suite started-at="2023-02-27T00:33:29 KST" name="jdohnnyjangjang" finished-at="2023-02-27T00:33:49 KST" duration-ms="20140">
    <groups>
    </groups>
    <test started-at="2023-02-27T00:33:29 KST" name="Test" finished-at="2023-02-27T00:33:49 KST" duration-ms="20140">
      <class name="Test.BaseScript_3_CancelSign">
        <test-method is-config="true" signature="initializeWebDriver()[pri:0, instance:Test.BaseScript_3_CancelSign@5fd4f8f5]" started-at="2023-02-27T00:33:29 KST" name="initializeWebDriver" finished-at="2023-02-27T00:33:32 KST" duration-ms="3246" status="PASS">
          <reporter-output>
          </reporter-output>
        </test-method> <!-- initializeWebDriver -->
        <test-method signature="BaseScript()[pri:1, instance:Test.BaseScript_3_CancelSign@5fd4f8f5]" started-at="2023-02-27T00:33:32 KST" name="BaseScript" finished-at="2023-02-27T00:33:49 KST" duration-ms="16800" status="PASS">
          <reporter-output>
          </reporter-output>
        </test-method> <!-- BaseScript -->
        <test-method is-config="true" signature="tearDown()[pri:0, instance:Test.BaseScript_3_CancelSign@5fd4f8f5]" started-at="2023-02-27T00:33:49 KST" name="tearDown" finished-at="2023-02-27T00:33:49 KST" duration-ms="76" status="PASS">
          <reporter-output>
          </reporter-output>
        </test-method> <!-- tearDown -->
      </class> <!-- Test.BaseScript_3_CancelSign -->
    </test> <!-- Test -->
  </suite> <!-- jdohnnyjangjang -->
</testng-results>
