<?xml version="1.0" encoding="UTF-8"?>
<testng-results ignored="0" total="1" passed="1" failed="0" skipped="0">
  <reporter-output>
  </reporter-output>
  <suite started-at="2023-03-05T14:21:40 KST" name="jdohnnyjangjang" finished-at="2023-03-05T14:21:44 KST" duration-ms="4049">
    <groups>
    </groups>
    <test started-at="2023-03-05T14:21:40 KST" name="ChromeTest" finished-at="2023-03-05T14:21:44 KST" duration-ms="4022">
      <class name="Test_UnitTest_Pagemenu.Test_09_SettingsPage">
        <test-method is-config="true" signature="initializeWebDriver(java.lang.String)[pri:0, instance:Test_UnitTest_Pagemenu.Test_09_SettingsPage@41e1e210]" started-at="2023-03-05T14:21:40 KST" name="initializeWebDriver" finished-at="2023-03-05T14:21:42 KST" duration-ms="2315" status="PASS">
          <params>
            <param index="0">
              <value>
                <![CDATA[Chrome]]>
              </value>
            </param>
          </params>
          <reporter-output>
          </reporter-output>
        </test-method> <!-- initializeWebDriver -->
        <test-method signature="UnitTest_SettingsPage()[pri:0, instance:Test_UnitTest_Pagemenu.Test_09_SettingsPage@41e1e210]" started-at="2023-03-05T14:21:42 KST" name="UnitTest_SettingsPage" finished-at="2023-03-05T14:21:44 KST" duration-ms="1566" status="PASS">
          <reporter-output>
          </reporter-output>
        </test-method> <!-- UnitTest_SettingsPage -->
        <test-method is-config="true" signature="tearDown()[pri:0, instance:Test_UnitTest_Pagemenu.Test_09_SettingsPage@41e1e210]" started-at="2023-03-05T14:21:44 KST" name="tearDown" finished-at="2023-03-05T14:21:44 KST" duration-ms="121" status="PASS">
          <reporter-output>
          </reporter-output>
        </test-method> <!-- tearDown -->
      </class> <!-- Test_UnitTest_Pagemenu.Test_09_SettingsPage -->
    </test> <!-- ChromeTest -->
    <test started-at="2023-03-05T14:21:44 KST" name="EdgeTest" finished-at="2023-03-05T14:21:44 KST" duration-ms="1">
    </test> <!-- EdgeTest -->
  </suite> <!-- jdohnnyjangjang -->
</testng-results>
