<?xml version="1.0" encoding="UTF-8"?>
<testng-results ignored="0" total="1" passed="1" failed="0" skipped="0">
  <reporter-output>
  </reporter-output>
  <suite started-at="2023-03-18T03:17:48 KST" name="Johnny jangjang" finished-at="2023-03-18T03:18:32 KST" duration-ms="44847">
    <groups>
    </groups>
    <test started-at="2023-03-18T03:17:48 KST" name="ChromeTest" finished-at="2023-03-18T03:18:32 KST" duration-ms="44847">
      <class name="Zohnny_Test.johnnyTest$_1_Login">
        <test-method is-config="true" signature="initializeWebDriver(java.lang.String)[pri:0, instance:Zohnny_Test.johnnyTest$_1_Login@4d0f2471]" started-at="2023-03-18T03:17:48 KST" name="initializeWebDriver" finished-at="2023-03-18T03:17:51 KST" duration-ms="3359" status="PASS">
          <params>
            <param index="0">
              <value>
                <![CDATA[Chrome]]>
              </value>
            </param>
          </params>
          <reporter-output>
          </reporter-output>
        </test-method> <!-- initializeWebDriver -->
        <test-method signature="NomarlAccount_NormalSign_On_Case(java.lang.String,java.lang.String,java.lang.String)[pri:0, instance:Zohnny_Test.johnnyTest$_1_Login@4d0f2471]" started-at="2023-03-18T03:17:51 KST" name="NomarlAccount_NormalSign_On_Case" finished-at="2023-03-18T03:18:32 KST" duration-ms="41468" status="PASS">
          <params>
            <param index="0">
              <value>
                <![CDATA[joshinauto2@getnada.com]]>
              </value>
            </param>
            <param index="1">
              <value>
                <![CDATA[조니오토 3번]]>
              </value>
            </param>
            <param index="2">
              <value>
                <![CDATA[joshinauto3@getnada.com]]>
              </value>
            </param>
          </params>
          <reporter-output>
          </reporter-output>
        </test-method> <!-- NomarlAccount_NormalSign_On_Case -->
        <test-method is-config="true" signature="tearDown()[pri:0, instance:Zohnny_Test.johnnyTest$_1_Login@4d0f2471]" started-at="2023-03-18T03:18:32 KST" name="tearDown" finished-at="2023-03-18T03:18:32 KST" duration-ms="0" status="PASS">
          <reporter-output>
          </reporter-output>
        </test-method> <!-- tearDown -->
      </class> <!-- Zohnny_Test.johnnyTest$_1_Login -->
    </test> <!-- ChromeTest -->
  </suite> <!-- Johnny jangjang -->
</testng-results>
