<?xml version="1.0" encoding="UTF-8"?>
<testng-results skipped="0" failed="0" ignored="2" total="5" passed="3">
  <reporter-output>
  </reporter-output>
  <suite name="jdohnnyjangjang" duration-ms="48866" started-at="2023-02-22T10:34:23 KST" finished-at="2023-02-22T10:35:12 KST">
    <groups>
    </groups>
    <test name="Test" duration-ms="48866" started-at="2023-02-22T10:34:23 KST" finished-at="2023-02-22T10:35:12 KST">
      <class name="Test.ElieClass2">
        <test-method status="PASS" signature="initializeWebDriver()[pri:0, instance:Test.ElieClass2@1500955a]" name="initializeWebDriver" is-config="true" duration-ms="4697" started-at="2023-02-22T10:34:49 KST" finished-at="2023-02-22T10:34:54 KST">
          <reporter-output>
          </reporter-output>
        </test-method> <!-- initializeWebDriver -->
        <test-method status="PASS" signature="beforeTest(org.testng.ITestResult,org.testng.ITestContext,java.lang.reflect.Method)[pri:0, instance:Test.ElieClass2@1500955a]" name="beforeTest" is-config="true" duration-ms="0" started-at="2023-02-22T10:34:54 KST" finished-at="2023-02-22T10:34:54 KST">
          <params>
            <param index="0">
              <value>
                <![CDATA[[TestResult name={null} status=CREATED method=ElieClass2.ruru2()[pri:0, instance:Test.ElieClass2@1500955a] output={null}]]]>
              </value>
            </param>
            <param index="1">
              <value>
                <![CDATA[org.testng.TestRunner@64f1fd08]]>
              </value>
            </param>
            <param index="2">
              <value>
                <![CDATA[public void Test.ElieClass2.ruru2() throws java.lang.InterruptedException,java.io.IOException]]>
              </value>
            </param>
          </params>
          <reporter-output>
          </reporter-output>
        </test-method> <!-- beforeTest -->
        <test-method status="PASS" signature="ruru2()[pri:0, instance:Test.ElieClass2@1500955a]" name="ruru2" duration-ms="7303" started-at="2023-02-22T10:34:54 KST" finished-at="2023-02-22T10:35:01 KST">
          <reporter-output>
          </reporter-output>
        </test-method> <!-- ruru2 -->
        <test-method status="PASS" signature="tearDown()[pri:0, instance:Test.ElieClass2@1500955a]" name="tearDown" is-config="true" duration-ms="130" started-at="2023-02-22T10:35:01 KST" finished-at="2023-02-22T10:35:01 KST">
          <reporter-output>
          </reporter-output>
        </test-method> <!-- tearDown -->
      </class> <!-- Test.ElieClass2 -->
      <class name="Test.ElieClass">
        <test-method status="PASS" signature="createSuite(org.testng.ITestContext)[pri:0, instance:Test.ElieClass@38bc8ab5]" name="createSuite" is-config="true" duration-ms="1365" started-at="2023-02-22T10:34:22 KST" finished-at="2023-02-22T10:34:23 KST">
          <params>
            <param index="0">
              <value>
                <![CDATA[org.testng.TestRunner@64f1fd08]]>
              </value>
            </param>
          </params>
          <reporter-output>
          </reporter-output>
        </test-method> <!-- createSuite -->
        <test-method status="PASS" signature="initializeWebDriver()[pri:0, instance:Test.ElieClass@38bc8ab5]" name="initializeWebDriver" is-config="true" duration-ms="6280" started-at="2023-02-22T10:34:23 KST" finished-at="2023-02-22T10:34:30 KST">
          <reporter-output>
          </reporter-output>
        </test-method> <!-- initializeWebDriver -->
        <test-method status="PASS" signature="beforeTest(org.testng.ITestResult,org.testng.ITestContext,java.lang.reflect.Method)[pri:0, instance:Test.ElieClass@38bc8ab5]" name="beforeTest" is-config="true" duration-ms="1" started-at="2023-02-22T10:34:30 KST" finished-at="2023-02-22T10:34:30 KST">
          <params>
            <param index="0">
              <value>
                <![CDATA[[TestResult name={null} status=CREATED method=ElieClass.ruru()[pri:0, instance:Test.ElieClass@38bc8ab5] output={null}]]]>
              </value>
            </param>
            <param index="1">
              <value>
                <![CDATA[org.testng.TestRunner@64f1fd08]]>
              </value>
            </param>
            <param index="2">
              <value>
                <![CDATA[public void Test.ElieClass.ruru() throws java.lang.InterruptedException,java.io.IOException]]>
              </value>
            </param>
          </params>
          <reporter-output>
          </reporter-output>
        </test-method> <!-- beforeTest -->
        <test-method status="PASS" signature="ruru()[pri:0, instance:Test.ElieClass@38bc8ab5]" name="ruru" duration-ms="19155" started-at="2023-02-22T10:34:30 KST" finished-at="2023-02-22T10:34:49 KST">
          <reporter-output>
          </reporter-output>
        </test-method> <!-- ruru -->
        <test-method status="PASS" signature="tearDown()[pri:0, instance:Test.ElieClass@38bc8ab5]" name="tearDown" is-config="true" duration-ms="139" started-at="2023-02-22T10:34:49 KST" finished-at="2023-02-22T10:34:49 KST">
          <reporter-output>
          </reporter-output>
        </test-method> <!-- tearDown -->
      </class> <!-- Test.ElieClass -->
      <class name="Test.ElieClass3">
        <test-method status="PASS" signature="initializeWebDriver()[pri:0, instance:Test.ElieClass3@e874448]" name="initializeWebDriver" is-config="true" duration-ms="5291" started-at="2023-02-22T10:35:01 KST" finished-at="2023-02-22T10:35:06 KST">
          <reporter-output>
          </reporter-output>
        </test-method> <!-- initializeWebDriver -->
        <test-method status="PASS" signature="beforeTest(org.testng.ITestResult,org.testng.ITestContext,java.lang.reflect.Method)[pri:0, instance:Test.ElieClass3@e874448]" name="beforeTest" is-config="true" duration-ms="0" started-at="2023-02-22T10:35:06 KST" finished-at="2023-02-22T10:35:06 KST">
          <params>
            <param index="0">
              <value>
                <![CDATA[[TestResult name={null} status=CREATED method=ElieClass3.ruru3()[pri:0, instance:Test.ElieClass3@e874448] output={null}]]]>
              </value>
            </param>
            <param index="1">
              <value>
                <![CDATA[org.testng.TestRunner@64f1fd08]]>
              </value>
            </param>
            <param index="2">
              <value>
                <![CDATA[public void Test.ElieClass3.ruru3() throws java.lang.InterruptedException,java.io.IOException]]>
              </value>
            </param>
          </params>
          <reporter-output>
          </reporter-output>
        </test-method> <!-- beforeTest -->
        <test-method status="PASS" signature="ruru3()[pri:0, instance:Test.ElieClass3@e874448]" name="ruru3" duration-ms="5713" started-at="2023-02-22T10:35:06 KST" finished-at="2023-02-22T10:35:12 KST">
          <reporter-output>
          </reporter-output>
        </test-method> <!-- ruru3 -->
        <test-method status="PASS" signature="tearDown()[pri:0, instance:Test.ElieClass3@e874448]" name="tearDown" is-config="true" duration-ms="132" started-at="2023-02-22T10:35:12 KST" finished-at="2023-02-22T10:35:12 KST">
          <reporter-output>
          </reporter-output>
        </test-method> <!-- tearDown -->
      </class> <!-- Test.ElieClass3 -->
    </test> <!-- Test -->
  </suite> <!-- jdohnnyjangjang -->
</testng-results>
