<?xml version="1.0" encoding="UTF-8"?>
<testng-results ignored="0" total="20" passed="19" failed="1" skipped="0">
  <reporter-output>
  </reporter-output>
  <suite started-at="2023-02-13T00:42:36 KST" name="Default suite" finished-at="2023-02-13T00:42:59 KST" duration-ms="22946">
    <groups>
    </groups>
    <test started-at="2023-02-13T00:42:36 KST" name="Default test" finished-at="2023-02-13T00:42:59 KST" duration-ms="22946">
      <class name="Test._1_modusign">
        <test-method is-config="true" signature="lauchweb()[pri:0, instance:Test._1_modusign@7133da86]" started-at="2023-02-13T00:42:36 KST" name="lauchweb" finished-at="2023-02-13T00:42:36 KST" duration-ms="4" status="PASS">
          <reporter-output>
          </reporter-output>
        </test-method> <!-- lauchweb -->
        <test-method is-config="true" signature="setUp()[pri:0, instance:Test._1_modusign@7133da86]" started-at="2023-02-13T00:42:36 KST" name="setUp" finished-at="2023-02-13T00:42:37 KST" duration-ms="1048" status="PASS">
          <reporter-output>
          </reporter-output>
        </test-method> <!-- setUp -->
        <test-method signature="Homepage()[pri:1, instance:Test._1_modusign@7133da86]" started-at="2023-02-13T00:42:37 KST" name="Homepage" finished-at="2023-02-13T00:42:39 KST" duration-ms="2286" status="PASS">
          <reporter-output>
          </reporter-output>
        </test-method> <!-- Homepage -->
        <test-method signature="Login_email()[pri:2, instance:Test._1_modusign@7133da86]" started-at="2023-02-13T00:42:39 KST" name="Login_email" finished-at="2023-02-13T00:42:39 KST" duration-ms="126" status="PASS">
          <reporter-output>
          </reporter-output>
        </test-method> <!-- Login_email -->
        <test-method signature="Login_Password()[pri:3, instance:Test._1_modusign@7133da86]" started-at="2023-02-13T00:42:39 KST" name="Login_Password" finished-at="2023-02-13T00:42:40 KST" duration-ms="90" status="PASS">
          <reporter-output>
          </reporter-output>
        </test-method> <!-- Login_Password -->
        <test-method signature="Login_btn()[pri:4, instance:Test._1_modusign@7133da86]" started-at="2023-02-13T00:42:40 KST" name="Login_btn" finished-at="2023-02-13T00:42:40 KST" duration-ms="64" status="PASS">
          <reporter-output>
          </reporter-output>
        </test-method> <!-- Login_btn -->
        <test-method signature="ContractSetupStart_btn()[pri:5, instance:Test._1_modusign@7133da86]" started-at="2023-02-13T00:42:40 KST" name="ContractSetupStart_btn" finished-at="2023-02-13T00:42:41 KST" duration-ms="1058" status="PASS">
          <reporter-output>
          </reporter-output>
        </test-method> <!-- ContractSetupStart_btn -->
        <test-method signature="CLOUD_DRIVE_btn()[pri:6, instance:Test._1_modusign@7133da86]" started-at="2023-02-13T00:42:41 KST" name="CLOUD_DRIVE_btn" finished-at="2023-02-13T00:42:41 KST" duration-ms="602" status="PASS">
          <reporter-output>
          </reporter-output>
        </test-method> <!-- CLOUD_DRIVE_btn -->
        <test-method signature="LOCAL_btn()[pri:7, instance:Test._1_modusign@7133da86]" started-at="2023-02-13T00:42:41 KST" name="LOCAL_btn" finished-at="2023-02-13T00:42:41 KST" duration-ms="49" status="PASS">
          <reporter-output>
          </reporter-output>
        </test-method> <!-- LOCAL_btn -->
        <test-method signature="SAMPLE_DOCUMENTS_btn()[pri:8, instance:Test._1_modusign@7133da86]" started-at="2023-02-13T00:42:41 KST" name="SAMPLE_DOCUMENTS_btn" finished-at="2023-02-13T00:42:43 KST" duration-ms="1242" status="PASS">
          <reporter-output>
          </reporter-output>
        </test-method> <!-- SAMPLE_DOCUMENTS_btn -->
        <test-method signature="StepProgressBar_stepname1()[pri:9, instance:Test._1_modusign@7133da86]" started-at="2023-02-13T00:42:43 KST" name="StepProgressBar_stepname1" finished-at="2023-02-13T00:42:44 KST" duration-ms="1236" status="PASS">
          <reporter-output>
          </reporter-output>
        </test-method> <!-- StepProgressBar_stepname1 -->
        <test-method signature="StepProgressBar_stepname2()[pri:10, instance:Test._1_modusign@7133da86]" started-at="2023-02-13T00:42:44 KST" name="StepProgressBar_stepname2" finished-at="2023-02-13T00:42:44 KST" duration-ms="76" status="PASS">
          <reporter-output>
          </reporter-output>
        </test-method> <!-- StepProgressBar_stepname2 -->
        <test-method signature="StepProgressBar_stepname3()[pri:11, instance:Test._1_modusign@7133da86]" started-at="2023-02-13T00:42:44 KST" name="StepProgressBar_stepname3" finished-at="2023-02-13T00:42:44 KST" duration-ms="184" status="PASS">
          <reporter-output>
          </reporter-output>
        </test-method> <!-- StepProgressBar_stepname3 -->
        <test-method signature="StepProgressBar_stepname5()[pri:12, instance:Test._1_modusign@7133da86]" started-at="2023-02-13T00:42:44 KST" name="StepProgressBar_stepname5" finished-at="2023-02-13T00:42:44 KST" duration-ms="296" status="PASS">
          <reporter-output>
          </reporter-output>
        </test-method> <!-- StepProgressBar_stepname5 -->
        <test-method signature="StepProgressBar_stepname6()[pri:13, instance:Test._1_modusign@7133da86]" started-at="2023-02-13T00:42:44 KST" name="StepProgressBar_stepname6" finished-at="2023-02-13T00:42:44 KST" duration-ms="119" status="PASS">
          <reporter-output>
          </reporter-output>
        </test-method> <!-- StepProgressBar_stepname6 -->
        <test-method signature="StepProgressBar_stepname2_sign()[pri:14, instance:Test._1_modusign@7133da86]" started-at="2023-02-13T00:42:44 KST" name="StepProgressBar_stepname2_sign" finished-at="2023-02-13T00:42:45 KST" duration-ms="291" status="PASS">
          <reporter-output>
          </reporter-output>
        </test-method> <!-- StepProgressBar_stepname2_sign -->
        <test-method signature="StepProgressBar_stepname2_text()[pri:15, instance:Test._1_modusign@7133da86]" started-at="2023-02-13T00:42:45 KST" name="StepProgressBar_stepname2_text" finished-at="2023-02-13T00:42:45 KST" duration-ms="146" status="PASS">
          <reporter-output>
          </reporter-output>
        </test-method> <!-- StepProgressBar_stepname2_text -->
        <test-method signature="StepProgressBar_stepname2_checkbox()[pri:16, instance:Test._1_modusign@7133da86]" started-at="2023-02-13T00:42:45 KST" name="StepProgressBar_stepname2_checkbox" finished-at="2023-02-13T00:42:45 KST" duration-ms="124" status="PASS">
          <reporter-output>
          </reporter-output>
        </test-method> <!-- StepProgressBar_stepname2_checkbox -->
        <test-method signature="StepProgressBar_stepname2_next_btn()[pri:17, instance:Test._1_modusign@7133da86]" started-at="2023-02-13T00:42:45 KST" name="StepProgressBar_stepname2_next_btn" finished-at="2023-02-13T00:42:46 KST" duration-ms="660" status="PASS">
          <reporter-output>
          </reporter-output>
        </test-method> <!-- StepProgressBar_stepname2_next_btn -->
        <test-method signature="StepProgressBar_stepname3_nameeidt_btn()[pri:18, instance:Test._1_modusign@7133da86]" started-at="2023-02-13T00:42:46 KST" name="StepProgressBar_stepname3_nameeidt_btn" finished-at="2023-02-13T00:42:46 KST" duration-ms="64" status="PASS">
          <reporter-output>
          </reporter-output>
        </test-method> <!-- StepProgressBar_stepname3_nameeidt_btn -->
        <test-method signature="StepProgressBar_stepname3_nameeidt_input()[pri:19, instance:Test._1_modusign@7133da86]" started-at="2023-02-13T00:42:46 KST" name="StepProgressBar_stepname3_nameeidt_input" finished-at="2023-02-13T00:42:46 KST" duration-ms="91" status="PASS">
          <reporter-output>
          </reporter-output>
        </test-method> <!-- StepProgressBar_stepname3_nameeidt_input -->
        <test-method signature="StepProgressBar_stepname3_nameedidt_done()[pri:20, instance:Test._1_modusign@7133da86]" started-at="2023-02-13T00:42:46 KST" name="StepProgressBar_stepname3_nameedidt_done" finished-at="2023-02-13T00:42:59 KST" duration-ms="13050" status="FAIL">
          <exception class="org.openqa.selenium.TimeoutException">
            <message>
              <![CDATA[Expected condition failed: waiting for visibility of element located by By.cssSelector: div[data-tb-test-id='basic-modal-cancel-button'] (tried for 10 second(s) with 500 milliseconds interval)]]>
            </message>
            <full-stacktrace>
              <![CDATA[org.openqa.selenium.TimeoutException: Expected condition failed: waiting for visibility of element located by By.cssSelector: div[data-tb-test-id='basic-modal-cancel-button'] (tried for 10 second(s) with 500 milliseconds interval)
at org.openqa.selenium.support.ui.WebDriverWait.timeoutException(WebDriverWait.java:95)
at org.openqa.selenium.support.ui.FluentWait.until(FluentWait.java:272)
at Test._1_modusign.StepProgressBar_stepname3_nameedidt_done(_1_modusign.java:337)
at java.base/jdk.internal.reflect.NativeMethodAccessorImpl.invoke0(Native Method)
at java.base/jdk.internal.reflect.NativeMethodAccessorImpl.invoke(NativeMethodAccessorImpl.java:77)
at java.base/jdk.internal.reflect.DelegatingMethodAccessorImpl.invoke(DelegatingMethodAccessorImpl.java:43)
at java.base/java.lang.reflect.Method.invoke(Method.java:568)
at org.testng.internal.MethodInvocationHelper.invokeMethod(MethodInvocationHelper.java:133)
at org.testng.internal.TestInvoker.invokeMethod(TestInvoker.java:598)
at org.testng.internal.TestInvoker.invokeTestMethod(TestInvoker.java:173)
at org.testng.internal.MethodRunner.runInSequence(MethodRunner.java:46)
at org.testng.internal.TestInvoker$MethodInvocationAgent.invoke(TestInvoker.java:824)
at org.testng.internal.TestInvoker.invokeTestMethods(TestInvoker.java:146)
at org.testng.internal.TestMethodWorker.invokeTestMethods(TestMethodWorker.java:146)
at org.testng.internal.TestMethodWorker.run(TestMethodWorker.java:128)
at java.base/java.util.ArrayList.forEach(ArrayList.java:1511)
at org.testng.TestRunner.privateRun(TestRunner.java:794)
at org.testng.TestRunner.run(TestRunner.java:596)
at org.testng.SuiteRunner.runTest(SuiteRunner.java:377)
at org.testng.SuiteRunner.runSequentially(SuiteRunner.java:371)
at org.testng.SuiteRunner.privateRun(SuiteRunner.java:332)
at org.testng.SuiteRunner.run(SuiteRunner.java:276)
at org.testng.SuiteRunnerWorker.runSuite(SuiteRunnerWorker.java:53)
at org.testng.SuiteRunnerWorker.run(SuiteRunnerWorker.java:96)
at org.testng.TestNG.runSuitesSequentially(TestNG.java:1212)
at org.testng.TestNG.runSuitesLocally(TestNG.java:1134)
at org.testng.TestNG.runSuites(TestNG.java:1063)
at org.testng.TestNG.run(TestNG.java:1031)
at org.testng.remote.AbstractRemoteTestNG.run(AbstractRemoteTestNG.java:115)
at org.testng.remote.RemoteTestNG.initAndRun(RemoteTestNG.java:251)
at org.testng.remote.RemoteTestNG.main(RemoteTestNG.java:77)
Caused by: org.openqa.selenium.NoSuchElementException: no such element: Unable to locate element: {"method":"css selector","selector":"div[data-tb-test-id='basic-modal-cancel-button']"}
  (Session info: chrome=110.0.5481.77)
For documentation on this error, please visit: https://www.seleniumhq.org/exceptions/no_such_element.html
Build info: version: '3.141.59', revision: 'e82be7d358', time: '2018-11-14T08:17:03'
System info: host: 'DESKTOP-F3B2TKP', ip: '112.148.26.220', os.name: 'Windows 11', os.arch: 'amd64', os.version: '10.0', java.version: '17.0.4.1'
Driver info: org.openqa.selenium.chrome.ChromeDriver
Capabilities {acceptInsecureCerts: false, browserName: chrome, browserVersion: 110.0.5481.77, chrome: {chromedriverVersion: 110.0.5481.77 (65ed616c6e8e..., userDataDir: C:\Users\tncls\AppData\Loca...}, goog:chromeOptions: {debuggerAddress: localhost:50943}, javascriptEnabled: true, networkConnectionEnabled: false, pageLoadStrategy: normal, platform: WINDOWS, platformName: WINDOWS, proxy: Proxy(), setWindowRect: true, strictFileInteractability: false, timeouts: {implicit: 0, pageLoad: 300000, script: 30000}, unhandledPromptBehavior: dismiss and notify, webauthn:extension:credBlob: true, webauthn:extension:largeBlob: true, webauthn:virtualAuthenticators: true}
Session ID: 1dffd3e5a7a641cfc2934e4ff6251fa6
*** Element info: {Using=css selector, value=div[data-tb-test-id='basic-modal-cancel-button']}
at jdk.internal.reflect.GeneratedConstructorAccessor13.newInstance(Unknown Source)
at java.base/jdk.internal.reflect.DelegatingConstructorAccessorImpl.newInstance(DelegatingConstructorAccessorImpl.java:45)
at java.base/java.lang.reflect.Constructor.newInstanceWithCaller(Constructor.java:499)
at java.base/java.lang.reflect.Constructor.newInstance(Constructor.java:480)
at org.openqa.selenium.remote.http.W3CHttpResponseCodec.createException(W3CHttpResponseCodec.java:187)
at org.openqa.selenium.remote.http.W3CHttpResponseCodec.decode(W3CHttpResponseCodec.java:122)
at org.openqa.selenium.remote.http.W3CHttpResponseCodec.decode(W3CHttpResponseCodec.java:49)
at org.openqa.selenium.remote.HttpCommandExecutor.execute(HttpCommandExecutor.java:158)
at org.openqa.selenium.remote.service.DriverCommandExecutor.execute(DriverCommandExecutor.java:83)
at org.openqa.selenium.remote.RemoteWebDriver.execute(RemoteWebDriver.java:552)
at org.openqa.selenium.remote.RemoteWebDriver.findElement(RemoteWebDriver.java:323)
at org.openqa.selenium.remote.RemoteWebDriver.findElementByCssSelector(RemoteWebDriver.java:420)
at org.openqa.selenium.By$ByCssSelector.findElement(By.java:431)
at org.openqa.selenium.remote.RemoteWebDriver.findElement(RemoteWebDriver.java:315)
at org.openqa.selenium.support.ui.ExpectedConditions$7.apply(ExpectedConditions.java:205)
at org.openqa.selenium.support.ui.ExpectedConditions$7.apply(ExpectedConditions.java:201)
at org.openqa.selenium.support.ui.FluentWait.until(FluentWait.java:249)
... 29 more
]]>
            </full-stacktrace>
          </exception> <!-- org.openqa.selenium.TimeoutException -->
          <reporter-output>
          </reporter-output>
        </test-method> <!-- StepProgressBar_stepname3_nameedidt_done -->
        <test-method is-config="true" signature="tearDown()[pri:0, instance:Test._1_modusign@7133da86]" started-at="2023-02-13T00:42:59 KST" name="tearDown" finished-at="2023-02-13T00:42:59 KST" duration-ms="0" status="PASS">
          <reporter-output>
          </reporter-output>
        </test-method> <!-- tearDown -->
      </class> <!-- Test._1_modusign -->
    </test> <!-- Default test -->
  </suite> <!-- Default suite -->
</testng-results>
