<?xml version="1.0" encoding="UTF-8"?>
<testng-results skipped="0" failed="0" ignored="0" total="1" passed="1">
  <reporter-output>
  </reporter-output>
  <suite name="Johnny jangjang" duration-ms="20640" started-at="2023-03-13T16:35:00 KST" finished-at="2023-03-13T16:35:20 KST">
    <groups>
    </groups>
    <test name="ChromeTest" duration-ms="20640" started-at="2023-03-13T16:35:00 KST" finished-at="2023-03-13T16:35:20 KST">
      <class name="Test_Regression_TC_Contract.Templete_BulkRequest_FailCase">
        <test-method status="PASS" signature="initializeWebDriver(java.lang.String)[pri:0, instance:Test_Regression_TC_Contract.Templete_BulkRequest_FailCase@a38d7a3]" name="initializeWebDriver" is-config="true" duration-ms="13773" started-at="2023-03-13T16:35:00 KST" finished-at="2023-03-13T16:35:14 KST">
          <params>
            <param index="0">
              <value>
                <![CDATA[Chrome]]>
              </value>
            </param>
          </params>
          <reporter-output>
          </reporter-output>
        </test-method> <!-- initializeWebDriver -->
        <test-method status="PASS" signature="Templete_BulkRequest_DefaultCase(java.lang.String)[pri:0, instance:Test_Regression_TC_Contract.Templete_BulkRequest_FailCase@a38d7a3]" name="Templete_BulkRequest_DefaultCase" duration-ms="6248" started-at="2023-03-13T16:35:14 KST" finished-at="2023-03-13T16:35:20 KST">
          <params>
            <param index="0">
              <value>
                <![CDATA[joshinauto1@getnada.com]]>
              </value>
            </param>
          </params>
          <reporter-output>
          </reporter-output>
        </test-method> <!-- Templete_BulkRequest_DefaultCase -->
        <test-method status="PASS" signature="tearDown()[pri:0, instance:Test_Regression_TC_Contract.Templete_BulkRequest_FailCase@a38d7a3]" name="tearDown" is-config="true" duration-ms="586" started-at="2023-03-13T16:35:20 KST" finished-at="2023-03-13T16:35:20 KST">
          <reporter-output>
          </reporter-output>
        </test-method> <!-- tearDown -->
      </class> <!-- Test_Regression_TC_Contract.Templete_BulkRequest_FailCase -->
    </test> <!-- ChromeTest -->
  </suite> <!-- Johnny jangjang -->
</testng-results>
