<?xml version="1.0" encoding="UTF-8"?>
<testng-results skipped="0" failed="0" ignored="3" total="3" passed="0">
  <reporter-output>
  </reporter-output>
  <suite name="Default suite" duration-ms="11" started-at="2023-03-29T10:56:46 KST" finished-at="2023-03-29T10:56:46 KST">
    <groups>
    </groups>
    <test name="Default test" duration-ms="11" started-at="2023-03-29T10:56:46 KST" finished-at="2023-03-29T10:56:46 KST">
    </test> <!-- Default test -->
  </suite> <!-- Default suite -->
</testng-results>
