<?xml version="1.0" encoding="UTF-8"?>
<testng-results ignored="2" total="5" passed="3" failed="0" skipped="0">
  <reporter-output>
  </reporter-output>
  <suite started-at="2023-02-20T01:03:51 KST" name="jdohnnyjangjang" finished-at="2023-02-20T01:04:12 KST" duration-ms="21668">
    <groups>
    </groups>
    <test started-at="2023-02-20T01:03:51 KST" name="Test" finished-at="2023-02-20T01:04:12 KST" duration-ms="21668">
      <class name="Script._1_Login">
        <test-method is-config="true" signature="createSuite(org.testng.ITestContext)[pri:0, instance:Script._1_Login@7133da86]" started-at="2023-02-20T01:03:49 KST" name="createSuite" finished-at="2023-02-20T01:03:51 KST" duration-ms="1321" status="PASS">
          <params>
            <param index="0">
              <value>
                <![CDATA[org.testng.TestRunner@2babf189]]>
              </value>
            </param>
          </params>
          <reporter-output>
          </reporter-output>
        </test-method> <!-- createSuite -->
        <test-method is-config="true" signature="initializeWebDriver()[pri:0, instance:Script._1_Login@7133da86]" started-at="2023-02-20T01:03:51 KST" name="initializeWebDriver" finished-at="2023-02-20T01:03:54 KST" duration-ms="2753" status="PASS">
          <reporter-output>
          </reporter-output>
        </test-method> <!-- initializeWebDriver -->
        <test-method is-config="true" signature="beforeTest(org.testng.ITestResult,org.testng.ITestContext,java.lang.reflect.Method)[pri:0, instance:Script._1_Login@7133da86]" started-at="2023-02-20T01:03:54 KST" name="beforeTest" finished-at="2023-02-20T01:03:54 KST" duration-ms="0" status="PASS">
          <params>
            <param index="0">
              <value>
                <![CDATA[[TestResult name={null} status=CREATED method=_1_Login.login()[pri:0, instance:Script._1_Login@7133da86] output={null}]]]>
              </value>
            </param>
            <param index="1">
              <value>
                <![CDATA[org.testng.TestRunner@2babf189]]>
              </value>
            </param>
            <param index="2">
              <value>
                <![CDATA[public void Script._1_Login.login() throws java.lang.InterruptedException]]>
              </value>
            </param>
          </params>
          <reporter-output>
          </reporter-output>
        </test-method> <!-- beforeTest -->
        <test-method signature="login()[pri:0, instance:Script._1_Login@7133da86]" started-at="2023-02-20T01:03:54 KST" name="login" finished-at="2023-02-20T01:03:54 KST" duration-ms="421" status="PASS">
          <reporter-output>
          </reporter-output>
        </test-method> <!-- login -->
        <test-method is-config="true" signature="afterMethod(org.testng.ITestResult,org.testng.ITestContext)[pri:0, instance:Script._1_Login@7133da86]" started-at="2023-02-20T01:03:54 KST" name="afterMethod" finished-at="2023-02-20T01:03:54 KST" duration-ms="486" status="PASS">
          <params>
            <param index="0">
              <value>
                <![CDATA[[TestResult name=login status=SUCCESS method=_1_Login.login()[pri:0, instance:Script._1_Login@7133da86] output={null}]]]>
              </value>
            </param>
            <param index="1">
              <value>
                <![CDATA[org.testng.TestRunner@2babf189]]>
              </value>
            </param>
          </params>
          <reporter-output>
          </reporter-output>
        </test-method> <!-- afterMethod -->
        <test-method is-config="true" signature="tearDown()[pri:0, instance:Script._1_Login@7133da86]" started-at="2023-02-20T01:03:54 KST" name="tearDown" finished-at="2023-02-20T01:03:55 KST" duration-ms="168" status="PASS">
          <reporter-output>
          </reporter-output>
        </test-method> <!-- tearDown -->
      </class> <!-- Script._1_Login -->
      <class name="Script._2_MainScreen">
        <test-method is-config="true" signature="initializeWebDriver()[pri:0, instance:Script._2_MainScreen@22ef9844]" started-at="2023-02-20T01:03:55 KST" name="initializeWebDriver" finished-at="2023-02-20T01:03:57 KST" duration-ms="2817" status="PASS">
          <reporter-output>
          </reporter-output>
        </test-method> <!-- initializeWebDriver -->
        <test-method is-config="true" signature="beforeTest(org.testng.ITestResult,org.testng.ITestContext,java.lang.reflect.Method)[pri:0, instance:Script._2_MainScreen@22ef9844]" started-at="2023-02-20T01:03:57 KST" name="beforeTest" finished-at="2023-02-20T01:03:57 KST" duration-ms="1" status="PASS">
          <params>
            <param index="0">
              <value>
                <![CDATA[[TestResult name={null} status=CREATED method=_2_MainScreen.EnterContractSetupStart()[pri:0, instance:Script._2_MainScreen@22ef9844] output={null}]]]>
              </value>
            </param>
            <param index="1">
              <value>
                <![CDATA[org.testng.TestRunner@2babf189]]>
              </value>
            </param>
            <param index="2">
              <value>
                <![CDATA[public void Script._2_MainScreen.EnterContractSetupStart() throws java.lang.InterruptedException]]>
              </value>
            </param>
          </params>
          <reporter-output>
          </reporter-output>
        </test-method> <!-- beforeTest -->
        <test-method signature="EnterContractSetupStart()[pri:0, instance:Script._2_MainScreen@22ef9844]" started-at="2023-02-20T01:03:57 KST" name="EnterContractSetupStart" finished-at="2023-02-20T01:03:59 KST" duration-ms="1363" status="PASS">
          <reporter-output>
          </reporter-output>
        </test-method> <!-- EnterContractSetupStart -->
        <test-method is-config="true" signature="afterMethod(org.testng.ITestResult,org.testng.ITestContext)[pri:0, instance:Script._2_MainScreen@22ef9844]" started-at="2023-02-20T01:03:59 KST" name="afterMethod" finished-at="2023-02-20T01:03:59 KST" duration-ms="548" status="PASS">
          <params>
            <param index="0">
              <value>
                <![CDATA[[TestResult name=EnterContractSetupStart status=SUCCESS method=_2_MainScreen.EnterContractSetupStart()[pri:0, instance:Script._2_MainScreen@22ef9844] output={null}]]]>
              </value>
            </param>
            <param index="1">
              <value>
                <![CDATA[org.testng.TestRunner@2babf189]]>
              </value>
            </param>
          </params>
          <reporter-output>
          </reporter-output>
        </test-method> <!-- afterMethod -->
        <test-method is-config="true" signature="tearDown()[pri:0, instance:Script._2_MainScreen@22ef9844]" started-at="2023-02-20T01:03:59 KST" name="tearDown" finished-at="2023-02-20T01:03:59 KST" duration-ms="153" status="PASS">
          <reporter-output>
          </reporter-output>
        </test-method> <!-- tearDown -->
      </class> <!-- Script._2_MainScreen -->
      <class name="Script._3_Contract">
        <test-method is-config="true" signature="initializeWebDriver()[pri:0, instance:Script._3_Contract@6283d8b8]" started-at="2023-02-20T01:03:59 KST" name="initializeWebDriver" finished-at="2023-02-20T01:04:03 KST" duration-ms="3199" status="PASS">
          <reporter-output>
          </reporter-output>
        </test-method> <!-- initializeWebDriver -->
        <test-method is-config="true" signature="beforeTest(org.testng.ITestResult,org.testng.ITestContext,java.lang.reflect.Method)[pri:0, instance:Script._3_Contract@6283d8b8]" started-at="2023-02-20T01:04:03 KST" name="beforeTest" finished-at="2023-02-20T01:04:03 KST" duration-ms="0" status="PASS">
          <params>
            <param index="0">
              <value>
                <![CDATA[[TestResult name={null} status=CREATED method=_3_Contract.Contract()[pri:0, instance:Script._3_Contract@6283d8b8] output={null}]]]>
              </value>
            </param>
            <param index="1">
              <value>
                <![CDATA[org.testng.TestRunner@2babf189]]>
              </value>
            </param>
            <param index="2">
              <value>
                <![CDATA[public void Script._3_Contract.Contract() throws java.lang.InterruptedException]]>
              </value>
            </param>
          </params>
          <reporter-output>
          </reporter-output>
        </test-method> <!-- beforeTest -->
        <test-method signature="Contract()[pri:0, instance:Script._3_Contract@6283d8b8]" started-at="2023-02-20T01:04:03 KST" name="Contract" finished-at="2023-02-20T01:04:11 KST" duration-ms="8476" status="PASS">
          <reporter-output>
          </reporter-output>
        </test-method> <!-- Contract -->
        <test-method is-config="true" signature="afterMethod(org.testng.ITestResult,org.testng.ITestContext)[pri:0, instance:Script._3_Contract@6283d8b8]" started-at="2023-02-20T01:04:11 KST" name="afterMethod" finished-at="2023-02-20T01:04:12 KST" duration-ms="1091" status="PASS">
          <params>
            <param index="0">
              <value>
                <![CDATA[[TestResult name=Contract status=SUCCESS method=_3_Contract.Contract()[pri:0, instance:Script._3_Contract@6283d8b8] output={null}]]]>
              </value>
            </param>
            <param index="1">
              <value>
                <![CDATA[org.testng.TestRunner@2babf189]]>
              </value>
            </param>
          </params>
          <reporter-output>
          </reporter-output>
        </test-method> <!-- afterMethod -->
        <test-method is-config="true" signature="tearDown()[pri:0, instance:Script._3_Contract@6283d8b8]" started-at="2023-02-20T01:04:12 KST" name="tearDown" finished-at="2023-02-20T01:04:12 KST" duration-ms="172" status="PASS">
          <reporter-output>
          </reporter-output>
        </test-method> <!-- tearDown -->
      </class> <!-- Script._3_Contract -->
    </test> <!-- Test -->
  </suite> <!-- jdohnnyjangjang -->
</testng-results>
