<?xml version="1.0" encoding="UTF-8"?>
<testng-results skipped="0" failed="1" ignored="16" total="24" passed="7">
  <reporter-output>
  </reporter-output>
  <suite name="Johnny jangjang" duration-ms="325231" started-at="2023-03-22T15:50:25 KST" finished-at="2023-03-22T15:55:51 KST">
    <groups>
    </groups>
    <test name="ChromeTest" duration-ms="325231" started-at="2023-03-22T15:50:25 KST" finished-at="2023-03-22T15:55:51 KST">
      <class name="Test_BulkRequest.Templete_BulkRequest_E2E_OnCase">
        <test-method status="PASS" signature="initializeWebDriver(java.lang.String)[pri:0, instance:Test_BulkRequest.Templete_BulkRequest_E2E_OnCase@4fb64261]" name="initializeWebDriver" is-config="true" duration-ms="11024" started-at="2023-03-22T15:51:30 KST" finished-at="2023-03-22T15:51:41 KST">
          <params>
            <param index="0">
              <value>
                <![CDATA[Chrome]]>
              </value>
            </param>
          </params>
          <reporter-output>
          </reporter-output>
        </test-method> <!-- initializeWebDriver -->
        <test-method status="PASS" signature="Templete_BulkRequest_E2E_OnCase(java.lang.String)[pri:1, instance:Test_BulkRequest.Templete_BulkRequest_E2E_OnCase@4fb64261]" name="Templete_BulkRequest_E2E_OnCase" duration-ms="25042" started-at="2023-03-22T15:51:41 KST" finished-at="2023-03-22T15:52:06 KST">
          <params>
            <param index="0">
              <value>
                <![CDATA[joshinauto1@getnada.com]]>
              </value>
            </param>
          </params>
          <reporter-output>
          </reporter-output>
        </test-method> <!-- Templete_BulkRequest_E2E_OnCase -->
        <test-method status="PASS" signature="tearDown(org.testng.ITestResult)[pri:0, instance:Test_BulkRequest.Templete_BulkRequest_E2E_OnCase@4fb64261]" name="tearDown" is-config="true" duration-ms="722" started-at="2023-03-22T15:52:06 KST" finished-at="2023-03-22T15:52:06 KST">
          <params>
            <param index="0">
              <value>
                <![CDATA[[TestResult name=Templete_BulkRequest_E2E_OnCase status=SUCCESS method=Templete_BulkRequest_E2E_OnCase.Templete_BulkRequest_E2E_OnCase(java.lang.String)[pri:1, instance:Test_BulkRequest.Templete_BulkRequest_E2E_OnCase@4fb64261] output={null}]]]>
              </value>
            </param>
          </params>
          <reporter-output>
          </reporter-output>
        </test-method> <!-- tearDown -->
        <test-method status="PASS" signature="initializeWebDriver(java.lang.String)[pri:0, instance:Test_BulkRequest.Templete_BulkRequest_E2E_OnCase@4fb64261]" name="initializeWebDriver" is-config="true" duration-ms="10390" started-at="2023-03-22T15:52:06 KST" finished-at="2023-03-22T15:52:17 KST">
          <params>
            <param index="0">
              <value>
                <![CDATA[Chrome]]>
              </value>
            </param>
          </params>
          <reporter-output>
          </reporter-output>
        </test-method> <!-- initializeWebDriver -->
        <test-method status="PASS" signature="Templete_BulkRequest_E2E_OnCase_Singatory_1_(java.lang.String)[pri:2, instance:Test_BulkRequest.Templete_BulkRequest_E2E_OnCase@4fb64261]" name="Templete_BulkRequest_E2E_OnCase_Singatory_1_" duration-ms="20902" started-at="2023-03-22T15:52:17 KST" finished-at="2023-03-22T15:52:38 KST">
          <params>
            <param index="0">
              <value>
                <![CDATA[joshinauto2@getnada.com]]>
              </value>
            </param>
          </params>
          <reporter-output>
          </reporter-output>
        </test-method> <!-- Templete_BulkRequest_E2E_OnCase_Singatory_1_ -->
        <test-method status="PASS" signature="tearDown(org.testng.ITestResult)[pri:0, instance:Test_BulkRequest.Templete_BulkRequest_E2E_OnCase@4fb64261]" name="tearDown" is-config="true" duration-ms="536" started-at="2023-03-22T15:52:38 KST" finished-at="2023-03-22T15:52:38 KST">
          <params>
            <param index="0">
              <value>
                <![CDATA[[TestResult name=Templete_BulkRequest_E2E_OnCase_Singatory_1_ status=SUCCESS method=Templete_BulkRequest_E2E_OnCase.Templete_BulkRequest_E2E_OnCase_Singatory_1_(java.lang.String)[pri:2, instance:Test_BulkRequest.Templete_BulkRequest_E2E_OnCase@4fb64261] output={null}]]]>
              </value>
            </param>
          </params>
          <reporter-output>
          </reporter-output>
        </test-method> <!-- tearDown -->
        <test-method status="PASS" signature="initializeWebDriver(java.lang.String)[pri:0, instance:Test_BulkRequest.Templete_BulkRequest_E2E_OnCase@4fb64261]" name="initializeWebDriver" is-config="true" duration-ms="36700" started-at="2023-03-22T15:52:38 KST" finished-at="2023-03-22T15:53:15 KST">
          <params>
            <param index="0">
              <value>
                <![CDATA[Chrome]]>
              </value>
            </param>
          </params>
          <reporter-output>
          </reporter-output>
        </test-method> <!-- initializeWebDriver -->
        <test-method status="FAIL" signature="Templete_BulkRequest_E2E_OnCase_Singatory_2_(java.lang.String)[pri:3, instance:Test_BulkRequest.Templete_BulkRequest_E2E_OnCase@4fb64261]" name="Templete_BulkRequest_E2E_OnCase_Singatory_2_" duration-ms="10095" started-at="2023-03-22T15:53:15 KST" finished-at="2023-03-22T15:53:25 KST">
          <params>
            <param index="0">
              <value>
                <![CDATA[joshinauto3@getnada.com]]>
              </value>
            </param>
          </params>
          <exception class="org.openqa.selenium.NoSuchElementException">
            <message>
              <![CDATA[no such element: Unable to locate element: {"method":"css selector","selector":"*[name='email']"}
  (Session info: chrome=111.0.5563.110)
For documentation on this error, please visit: https://selenium.dev/exceptions/#no_such_element
Build info: version: '4.8.1', revision: '8ebccac989'
System info: os.name: 'Mac OS X', os.arch: 'x86_64', os.version: '10.16', java.version: '1.8.0_292'
Driver info: org.openqa.selenium.chrome.ChromeDriver
Command: [8e3da525bf2ca89984a9c15498db11ec, findElement {using=name, value=email}]
Capabilities {acceptInsecureCerts: false, browserName: chrome, browserVersion: 111.0.5563.110, chrome: {chromedriverVersion: 110.0.5481.77 (65ed616c6e8e..., userDataDir: /var/folders/nb/rbk44gf1635...}, goog:chromeOptions: {debuggerAddress: localhost:50871}, networkConnectionEnabled: false, pageLoadStrategy: normal, platformName: MAC, proxy: Proxy(), se:cdp: ws://localhost:50871/devtoo..., se:cdpVersion: 111.0.5563.110, setWindowRect: true, strictFileInteractability: false, timeouts: {implicit: 0, pageLoad: 300000, script: 30000}, unhandledPromptBehavior: dismiss and notify, webauthn:extension:credBlob: true, webauthn:extension:largeBlob: true, webauthn:virtualAuthenticators: true}
Session ID: 8e3da525bf2ca89984a9c15498db11ec]]>
            </message>
            <full-stacktrace>
              <![CDATA[org.openqa.selenium.NoSuchElementException: no such element: Unable to locate element: {"method":"css selector","selector":"*[name='email']"}
  (Session info: chrome=111.0.5563.110)
For documentation on this error, please visit: https://selenium.dev/exceptions/#no_such_element
Build info: version: '4.8.1', revision: '8ebccac989'
System info: os.name: 'Mac OS X', os.arch: 'x86_64', os.version: '10.16', java.version: '1.8.0_292'
Driver info: org.openqa.selenium.chrome.ChromeDriver
Command: [8e3da525bf2ca89984a9c15498db11ec, findElement {using=name, value=email}]
Capabilities {acceptInsecureCerts: false, browserName: chrome, browserVersion: 111.0.5563.110, chrome: {chromedriverVersion: 110.0.5481.77 (65ed616c6e8e..., userDataDir: /var/folders/nb/rbk44gf1635...}, goog:chromeOptions: {debuggerAddress: localhost:50871}, networkConnectionEnabled: false, pageLoadStrategy: normal, platformName: MAC, proxy: Proxy(), se:cdp: ws://localhost:50871/devtoo..., se:cdpVersion: 111.0.5563.110, setWindowRect: true, strictFileInteractability: false, timeouts: {implicit: 0, pageLoad: 300000, script: 30000}, unhandledPromptBehavior: dismiss and notify, webauthn:extension:credBlob: true, webauthn:extension:largeBlob: true, webauthn:virtualAuthenticators: true}
Session ID: 8e3da525bf2ca89984a9c15498db11ec
at sun.reflect.NativeConstructorAccessorImpl.newInstance0(Native Method)
at sun.reflect.NativeConstructorAccessorImpl.newInstance(NativeConstructorAccessorImpl.java:62)
at sun.reflect.DelegatingConstructorAccessorImpl.newInstance(DelegatingConstructorAccessorImpl.java:45)
at java.lang.reflect.Constructor.newInstance(Constructor.java:423)
at org.openqa.selenium.remote.codec.w3c.W3CHttpResponseCodec.createException(W3CHttpResponseCodec.java:200)
at org.openqa.selenium.remote.codec.w3c.W3CHttpResponseCodec.decode(W3CHttpResponseCodec.java:133)
at org.openqa.selenium.remote.codec.w3c.W3CHttpResponseCodec.decode(W3CHttpResponseCodec.java:53)
at org.openqa.selenium.remote.HttpCommandExecutor.execute(HttpCommandExecutor.java:184)
at org.openqa.selenium.remote.service.DriverCommandExecutor.invokeExecute(DriverCommandExecutor.java:167)
at org.openqa.selenium.remote.service.DriverCommandExecutor.execute(DriverCommandExecutor.java:142)
at org.openqa.selenium.remote.RemoteWebDriver.execute(RemoteWebDriver.java:543)
at org.openqa.selenium.remote.ElementLocation$ElementFinder$2.findElement(ElementLocation.java:162)
at org.openqa.selenium.remote.ElementLocation.findElement(ElementLocation.java:66)
at org.openqa.selenium.remote.RemoteWebDriver.findElement(RemoteWebDriver.java:352)
at org.openqa.selenium.remote.RemoteWebDriver.findElement(RemoteWebDriver.java:344)
at org.openqa.selenium.support.pagefactory.DefaultElementLocator.findElement(DefaultElementLocator.java:70)
at org.openqa.selenium.support.pagefactory.internal.LocatingElementHandler.invoke(LocatingElementHandler.java:39)
at com.sun.proxy.$Proxy17.sendKeys(Unknown Source)
at POM_00_BasePage.LoginPage.EntermyEmail(LoginPage.java:42)
at POM_00_BasePage.LoginPage.Login(LoginPage.java:60)
at Test_BulkRequest.Templete_BulkRequest_E2E_OnCase.Templete_BulkRequest_E2E_OnCase_Singatory_2_(Templete_BulkRequest_E2E_OnCase.java:93)
at sun.reflect.NativeMethodAccessorImpl.invoke0(Native Method)
at sun.reflect.NativeMethodAccessorImpl.invoke(NativeMethodAccessorImpl.java:62)
at sun.reflect.DelegatingMethodAccessorImpl.invoke(DelegatingMethodAccessorImpl.java:43)
at java.lang.reflect.Method.invoke(Method.java:498)
at org.testng.internal.MethodInvocationHelper.invokeMethod(MethodInvocationHelper.java:133)
at org.testng.internal.TestInvoker.invokeMethod(TestInvoker.java:598)
at org.testng.internal.TestInvoker.invokeTestMethod(TestInvoker.java:173)
at org.testng.internal.MethodRunner.runInSequence(MethodRunner.java:46)
at org.testng.internal.TestInvoker$MethodInvocationAgent.invoke(TestInvoker.java:824)
at org.testng.internal.TestInvoker.invokeTestMethods(TestInvoker.java:146)
at org.testng.internal.TestMethodWorker.invokeTestMethods(TestMethodWorker.java:146)
at org.testng.internal.TestMethodWorker.run(TestMethodWorker.java:128)
at java.util.ArrayList.forEach(ArrayList.java:1259)
at org.testng.TestRunner.privateRun(TestRunner.java:794)
at org.testng.TestRunner.run(TestRunner.java:596)
at org.testng.SuiteRunner.runTest(SuiteRunner.java:377)
at org.testng.SuiteRunner.runSequentially(SuiteRunner.java:371)
at org.testng.SuiteRunner.privateRun(SuiteRunner.java:332)
at org.testng.SuiteRunner.run(SuiteRunner.java:276)
at org.testng.SuiteRunnerWorker.runSuite(SuiteRunnerWorker.java:53)
at org.testng.SuiteRunnerWorker.run(SuiteRunnerWorker.java:96)
at org.testng.TestNG.runSuitesSequentially(TestNG.java:1212)
at org.testng.TestNG.runSuitesLocally(TestNG.java:1134)
at org.testng.TestNG.runSuites(TestNG.java:1063)
at org.testng.TestNG.run(TestNG.java:1031)
at org.testng.remote.AbstractRemoteTestNG.run(AbstractRemoteTestNG.java:115)
at org.testng.remote.RemoteTestNG.initAndRun(RemoteTestNG.java:251)
at org.testng.remote.RemoteTestNG.main(RemoteTestNG.java:77)
]]>
            </full-stacktrace>
          </exception> <!-- org.openqa.selenium.NoSuchElementException -->
          <reporter-output>
          </reporter-output>
        </test-method> <!-- Templete_BulkRequest_E2E_OnCase_Singatory_2_ -->
        <test-method status="PASS" signature="tearDown(org.testng.ITestResult)[pri:0, instance:Test_BulkRequest.Templete_BulkRequest_E2E_OnCase@4fb64261]" name="tearDown" is-config="true" duration-ms="268" started-at="2023-03-22T15:53:25 KST" finished-at="2023-03-22T15:53:25 KST">
          <params>
            <param index="0">
              <value>
                <![CDATA[[TestResult name=Templete_BulkRequest_E2E_OnCase_Singatory_2_ status=FAILURE method=Templete_BulkRequest_E2E_OnCase.Templete_BulkRequest_E2E_OnCase_Singatory_2_(java.lang.String)[pri:3, instance:Test_BulkRequest.Templete_BulkRequest_E2E_OnCase@4fb64261] output={null}]]]>
              </value>
            </param>
          </params>
          <reporter-output>
          </reporter-output>
        </test-method> <!-- tearDown -->
      </class> <!-- Test_BulkRequest.Templete_BulkRequest_E2E_OnCase -->
      <class name="Test_BulkRequest.Templete_BulkRequest_E2E_OnCase_Many">
        <test-method status="PASS" signature="initializeWebDriver(java.lang.String)[pri:0, instance:Test_BulkRequest.Templete_BulkRequest_E2E_OnCase_Many@42607a4f]" name="initializeWebDriver" is-config="true" duration-ms="16163" started-at="2023-03-22T15:53:25 KST" finished-at="2023-03-22T15:53:41 KST">
          <params>
            <param index="0">
              <value>
                <![CDATA[Chrome]]>
              </value>
            </param>
          </params>
          <reporter-output>
          </reporter-output>
        </test-method> <!-- initializeWebDriver -->
        <test-method status="PASS" signature="Templete_BulkRequest_E2E_OnCase_Many(java.lang.String)[pri:1, instance:Test_BulkRequest.Templete_BulkRequest_E2E_OnCase_Many@42607a4f]" name="Templete_BulkRequest_E2E_OnCase_Many" duration-ms="38749" started-at="2023-03-22T15:53:41 KST" finished-at="2023-03-22T15:54:20 KST">
          <params>
            <param index="0">
              <value>
                <![CDATA[joshinauto1@getnada.com]]>
              </value>
            </param>
          </params>
          <reporter-output>
          </reporter-output>
        </test-method> <!-- Templete_BulkRequest_E2E_OnCase_Many -->
        <test-method status="PASS" signature="tearDown(org.testng.ITestResult)[pri:0, instance:Test_BulkRequest.Templete_BulkRequest_E2E_OnCase_Many@42607a4f]" name="tearDown" is-config="true" duration-ms="534" started-at="2023-03-22T15:54:20 KST" finished-at="2023-03-22T15:54:21 KST">
          <params>
            <param index="0">
              <value>
                <![CDATA[[TestResult name=Templete_BulkRequest_E2E_OnCase_Many status=SUCCESS method=Templete_BulkRequest_E2E_OnCase_Many.Templete_BulkRequest_E2E_OnCase_Many(java.lang.String)[pri:1, instance:Test_BulkRequest.Templete_BulkRequest_E2E_OnCase_Many@42607a4f] output={null}]]]>
              </value>
            </param>
          </params>
          <reporter-output>
          </reporter-output>
        </test-method> <!-- tearDown -->
        <test-method status="PASS" signature="initializeWebDriver(java.lang.String)[pri:0, instance:Test_BulkRequest.Templete_BulkRequest_E2E_OnCase_Many@42607a4f]" name="initializeWebDriver" is-config="true" duration-ms="11442" started-at="2023-03-22T15:54:21 KST" finished-at="2023-03-22T15:54:32 KST">
          <params>
            <param index="0">
              <value>
                <![CDATA[Chrome]]>
              </value>
            </param>
          </params>
          <reporter-output>
          </reporter-output>
        </test-method> <!-- initializeWebDriver -->
        <test-method status="PASS" signature="Templete_BulkRequest_E2E_OnCase_Many_Singatory_1_(java.lang.String)[pri:2, instance:Test_BulkRequest.Templete_BulkRequest_E2E_OnCase_Many@42607a4f]" name="Templete_BulkRequest_E2E_OnCase_Many_Singatory_1_" duration-ms="21036" started-at="2023-03-22T15:54:32 KST" finished-at="2023-03-22T15:54:53 KST">
          <params>
            <param index="0">
              <value>
                <![CDATA[joshinauto2@getnada.com]]>
              </value>
            </param>
          </params>
          <reporter-output>
          </reporter-output>
        </test-method> <!-- Templete_BulkRequest_E2E_OnCase_Many_Singatory_1_ -->
        <test-method status="PASS" signature="tearDown(org.testng.ITestResult)[pri:0, instance:Test_BulkRequest.Templete_BulkRequest_E2E_OnCase_Many@42607a4f]" name="tearDown" is-config="true" duration-ms="585" started-at="2023-03-22T15:54:53 KST" finished-at="2023-03-22T15:54:54 KST">
          <params>
            <param index="0">
              <value>
                <![CDATA[[TestResult name=Templete_BulkRequest_E2E_OnCase_Many_Singatory_1_ status=SUCCESS method=Templete_BulkRequest_E2E_OnCase_Many.Templete_BulkRequest_E2E_OnCase_Many_Singatory_1_(java.lang.String)[pri:2, instance:Test_BulkRequest.Templete_BulkRequest_E2E_OnCase_Many@42607a4f] output={null}]]]>
              </value>
            </param>
          </params>
          <reporter-output>
          </reporter-output>
        </test-method> <!-- tearDown -->
        <test-method status="PASS" signature="initializeWebDriver(java.lang.String)[pri:0, instance:Test_BulkRequest.Templete_BulkRequest_E2E_OnCase_Many@42607a4f]" name="initializeWebDriver" is-config="true" duration-ms="13131" started-at="2023-03-22T15:54:54 KST" finished-at="2023-03-22T15:55:07 KST">
          <params>
            <param index="0">
              <value>
                <![CDATA[Chrome]]>
              </value>
            </param>
          </params>
          <reporter-output>
          </reporter-output>
        </test-method> <!-- initializeWebDriver -->
        <test-method status="PASS" signature="Templete_BulkRequest_E2E_OnCase_Many_Singatory_2_(java.lang.String)[pri:3, instance:Test_BulkRequest.Templete_BulkRequest_E2E_OnCase_Many@42607a4f]" name="Templete_BulkRequest_E2E_OnCase_Many_Singatory_2_" duration-ms="21684" started-at="2023-03-22T15:55:07 KST" finished-at="2023-03-22T15:55:29 KST">
          <params>
            <param index="0">
              <value>
                <![CDATA[joshinauto3@getnada.com]]>
              </value>
            </param>
          </params>
          <reporter-output>
          </reporter-output>
        </test-method> <!-- Templete_BulkRequest_E2E_OnCase_Many_Singatory_2_ -->
        <test-method status="PASS" signature="tearDown(org.testng.ITestResult)[pri:0, instance:Test_BulkRequest.Templete_BulkRequest_E2E_OnCase_Many@42607a4f]" name="tearDown" is-config="true" duration-ms="492" started-at="2023-03-22T15:55:29 KST" finished-at="2023-03-22T15:55:29 KST">
          <params>
            <param index="0">
              <value>
                <![CDATA[[TestResult name=Templete_BulkRequest_E2E_OnCase_Many_Singatory_2_ status=SUCCESS method=Templete_BulkRequest_E2E_OnCase_Many.Templete_BulkRequest_E2E_OnCase_Many_Singatory_2_(java.lang.String)[pri:3, instance:Test_BulkRequest.Templete_BulkRequest_E2E_OnCase_Many@42607a4f] output={null}]]]>
              </value>
            </param>
          </params>
          <reporter-output>
          </reporter-output>
        </test-method> <!-- tearDown -->
      </class> <!-- Test_BulkRequest.Templete_BulkRequest_E2E_OnCase_Many -->
      <class name="Test_BulkRequest.Templete_BulkRequest_E2E_DefaultCase">
        <test-method status="PASS" signature="initializeWebDriver(java.lang.String)[pri:0, instance:Test_BulkRequest.Templete_BulkRequest_E2E_DefaultCase@18bf3d14]" name="initializeWebDriver" is-config="true" duration-ms="44846" started-at="2023-03-22T15:50:25 KST" finished-at="2023-03-22T15:51:10 KST">
          <params>
            <param index="0">
              <value>
                <![CDATA[Chrome]]>
              </value>
            </param>
          </params>
          <reporter-output>
          </reporter-output>
        </test-method> <!-- initializeWebDriver -->
        <test-method status="PASS" signature="Templete_BulkRequest_E2E_DefaultCase(java.lang.String)[pri:1, instance:Test_BulkRequest.Templete_BulkRequest_E2E_DefaultCase@18bf3d14]" name="Templete_BulkRequest_E2E_DefaultCase" duration-ms="18785" started-at="2023-03-22T15:51:10 KST" finished-at="2023-03-22T15:51:29 KST">
          <params>
            <param index="0">
              <value>
                <![CDATA[joshinauto1@getnada.com]]>
              </value>
            </param>
          </params>
          <reporter-output>
          </reporter-output>
        </test-method> <!-- Templete_BulkRequest_E2E_DefaultCase -->
        <test-method status="PASS" signature="tearDown(org.testng.ITestResult)[pri:0, instance:Test_BulkRequest.Templete_BulkRequest_E2E_DefaultCase@18bf3d14]" name="tearDown" is-config="true" duration-ms="602" started-at="2023-03-22T15:51:29 KST" finished-at="2023-03-22T15:51:30 KST">
          <params>
            <param index="0">
              <value>
                <![CDATA[[TestResult name=Templete_BulkRequest_E2E_DefaultCase status=SUCCESS method=Templete_BulkRequest_E2E_DefaultCase.Templete_BulkRequest_E2E_DefaultCase(java.lang.String)[pri:1, instance:Test_BulkRequest.Templete_BulkRequest_E2E_DefaultCase@18bf3d14] output={null}]]]>
              </value>
            </param>
          </params>
          <reporter-output>
          </reporter-output>
        </test-method> <!-- tearDown -->
      </class> <!-- Test_BulkRequest.Templete_BulkRequest_E2E_DefaultCase -->
      <class name="Test_BulkRequest.Templete_BulkRequest_FailCase">
        <test-method status="PASS" signature="initializeWebDriver(java.lang.String)[pri:0, instance:Test_BulkRequest.Templete_BulkRequest_FailCase@782663d3]" name="initializeWebDriver" is-config="true" duration-ms="9271" started-at="2023-03-22T15:55:29 KST" finished-at="2023-03-22T15:55:38 KST">
          <params>
            <param index="0">
              <value>
                <![CDATA[Chrome]]>
              </value>
            </param>
          </params>
          <reporter-output>
          </reporter-output>
        </test-method> <!-- initializeWebDriver -->
        <test-method status="PASS" signature="Templete_BulkRequest_FailCase(java.lang.String)[pri:1, instance:Test_BulkRequest.Templete_BulkRequest_FailCase@782663d3]" name="Templete_BulkRequest_FailCase" duration-ms="11613" started-at="2023-03-22T15:55:38 KST" finished-at="2023-03-22T15:55:50 KST">
          <params>
            <param index="0">
              <value>
                <![CDATA[joshinauto1@getnada.com]]>
              </value>
            </param>
          </params>
          <reporter-output>
          </reporter-output>
        </test-method> <!-- Templete_BulkRequest_FailCase -->
        <test-method status="PASS" signature="tearDown(org.testng.ITestResult)[pri:0, instance:Test_BulkRequest.Templete_BulkRequest_FailCase@782663d3]" name="tearDown" is-config="true" duration-ms="565" started-at="2023-03-22T15:55:50 KST" finished-at="2023-03-22T15:55:51 KST">
          <params>
            <param index="0">
              <value>
                <![CDATA[[TestResult name=Templete_BulkRequest_FailCase status=SUCCESS method=Templete_BulkRequest_FailCase.Templete_BulkRequest_FailCase(java.lang.String)[pri:1, instance:Test_BulkRequest.Templete_BulkRequest_FailCase@782663d3] output={null}]]]>
              </value>
            </param>
          </params>
          <reporter-output>
          </reporter-output>
        </test-method> <!-- tearDown -->
      </class> <!-- Test_BulkRequest.Templete_BulkRequest_FailCase -->
    </test> <!-- ChromeTest -->
  </suite> <!-- Johnny jangjang -->
</testng-results>
