<?xml version="1.0" encoding="UTF-8"?>
<testng-results ignored="0" total="2" passed="2" failed="0" skipped="0">
  <reporter-output>
  </reporter-output>
  <suite started-at="2023-01-13T10:50:02 KST" name="Default suite" finished-at="2023-01-13T10:50:07 KST" duration-ms="5577">
    <groups>
    </groups>
    <test started-at="2023-01-13T10:50:02 KST" name="Default test" finished-at="2023-01-13T10:50:07 KST" duration-ms="5577">
      <class name="PAS_automation.PAS">
        <test-method is-config="true" signature="createSuite(org.testng.ITestContext)[pri:0, instance:PAS_automation.PAS@4738a206]" started-at="2023-01-13T10:50:00 KST" name="createSuite" finished-at="2023-01-13T10:50:02 KST" duration-ms="1433" status="PASS">
          <params>
            <param index="0">
              <value>
                <![CDATA[org.testng.TestRunner@d8948cd]]>
              </value>
            </param>
          </params>
          <reporter-output>
          </reporter-output>
        </test-method> <!-- createSuite -->
        <test-method is-config="true" signature="lauchweb()[pri:0, instance:PAS_automation.PAS@4738a206]" started-at="2023-01-13T10:50:02 KST" name="lauchweb" finished-at="2023-01-13T10:50:02 KST" duration-ms="0" status="PASS">
          <reporter-output>
          </reporter-output>
        </test-method> <!-- lauchweb -->
        <test-method is-config="true" signature="setUp()[pri:0, instance:PAS_automation.PAS@4738a206]" started-at="2023-01-13T10:50:02 KST" name="setUp" finished-at="2023-01-13T10:50:03 KST" duration-ms="1046" status="PASS">
          <reporter-output>
          </reporter-output>
        </test-method> <!-- setUp -->
        <test-method is-config="true" signature="beforeTest(org.testng.ITestContext,java.lang.reflect.Method)[pri:0, instance:PAS_automation.PAS@4738a206]" started-at="2023-01-13T10:50:03 KST" name="beforeTest" finished-at="2023-01-13T10:50:03 KST" duration-ms="0" status="PASS">
          <params>
            <param index="0">
              <value>
                <![CDATA[org.testng.TestRunner@d8948cd]]>
              </value>
            </param>
            <param index="1">
              <value>
                <![CDATA[public void PAS_automation.PAS.qwdqwd()]]>
              </value>
            </param>
          </params>
          <reporter-output>
          </reporter-output>
        </test-method> <!-- beforeTest -->
        <test-method signature="qwdqwd()[pri:0, instance:PAS_automation.PAS@4738a206]" started-at="2023-01-13T10:50:03 KST" name="qwdqwd" finished-at="2023-01-13T10:50:04 KST" duration-ms="1785" status="PASS">
          <reporter-output>
          </reporter-output>
        </test-method> <!-- qwdqwd -->
        <test-method is-config="true" signature="afterTest(org.testng.ITestResult,org.testng.ITestContext)[pri:0, instance:PAS_automation.PAS@4738a206]" started-at="2023-01-13T10:50:04 KST" name="afterTest" finished-at="2023-01-13T10:50:05 KST" duration-ms="486" status="PASS">
          <params>
            <param index="0">
              <value>
                <![CDATA[[TestResult name=qwdqwd status=SUCCESS method=PAS.qwdqwd()[pri:0, instance:PAS_automation.PAS@4738a206] output={null}]]]>
              </value>
            </param>
            <param index="1">
              <value>
                <![CDATA[org.testng.TestRunner@d8948cd]]>
              </value>
            </param>
          </params>
          <reporter-output>
          </reporter-output>
        </test-method> <!-- afterTest -->
        <test-method is-config="true" signature="beforeTest(org.testng.ITestContext,java.lang.reflect.Method)[pri:0, instance:PAS_automation.PAS@4738a206]" started-at="2023-01-13T10:50:05 KST" name="beforeTest" finished-at="2023-01-13T10:50:05 KST" duration-ms="1" status="PASS">
          <params>
            <param index="0">
              <value>
                <![CDATA[org.testng.TestRunner@d8948cd]]>
              </value>
            </param>
            <param index="1">
              <value>
                <![CDATA[public void PAS_automation.PAS.qwdqwd1()]]>
              </value>
            </param>
          </params>
          <reporter-output>
          </reporter-output>
        </test-method> <!-- beforeTest -->
        <test-method signature="qwdqwd1()[pri:0, instance:PAS_automation.PAS@4738a206]" started-at="2023-01-13T10:50:05 KST" name="qwdqwd1" finished-at="2023-01-13T10:50:06 KST" duration-ms="1460" status="PASS">
          <reporter-output>
          </reporter-output>
        </test-method> <!-- qwdqwd1 -->
        <test-method is-config="true" signature="afterTest(org.testng.ITestResult,org.testng.ITestContext)[pri:0, instance:PAS_automation.PAS@4738a206]" started-at="2023-01-13T10:50:06 KST" name="afterTest" finished-at="2023-01-13T10:50:07 KST" duration-ms="516" status="PASS">
          <params>
            <param index="0">
              <value>
                <![CDATA[[TestResult name=qwdqwd1 status=SUCCESS method=PAS.qwdqwd1()[pri:0, instance:PAS_automation.PAS@4738a206] output={null}]]]>
              </value>
            </param>
            <param index="1">
              <value>
                <![CDATA[org.testng.TestRunner@d8948cd]]>
              </value>
            </param>
          </params>
          <reporter-output>
          </reporter-output>
        </test-method> <!-- afterTest -->
        <test-method is-config="true" signature="tearDown()[pri:0, instance:PAS_automation.PAS@4738a206]" started-at="2023-01-13T10:50:07 KST" name="tearDown" finished-at="2023-01-13T10:50:07 KST" duration-ms="255" status="PASS">
          <reporter-output>
          </reporter-output>
        </test-method> <!-- tearDown -->
      </class> <!-- PAS_automation.PAS -->
    </test> <!-- Default test -->
  </suite> <!-- Default suite -->
</testng-results>
