<?xml version="1.0" encoding="UTF-8"?>
<testng-results ignored="0" total="1" passed="0" failed="1" skipped="0">
  <reporter-output>
  </reporter-output>
  <suite started-at="2023-02-20T01:37:02 KST" name="jdohnnyjangjang" finished-at="2023-02-20T01:37:16 KST" duration-ms="14317">
    <groups>
    </groups>
    <test started-at="2023-02-20T01:37:02 KST" name="Test" finished-at="2023-02-20T01:37:16 KST" duration-ms="14317">
      <class name="Script._3_Contract">
        <test-method is-config="true" signature="createSuite(org.testng.ITestContext)[pri:0, instance:Script._3_Contract@53fdffa1]" started-at="2023-02-20T01:37:01 KST" name="createSuite" finished-at="2023-02-20T01:37:02 KST" duration-ms="1308" status="PASS">
          <params>
            <param index="0">
              <value>
                <![CDATA[org.testng.TestRunner@16073fa8]]>
              </value>
            </param>
          </params>
          <reporter-output>
          </reporter-output>
        </test-method> <!-- createSuite -->
        <test-method is-config="true" signature="initializeWebDriver()[pri:0, instance:Script._3_Contract@53fdffa1]" started-at="2023-02-20T01:37:02 KST" name="initializeWebDriver" finished-at="2023-02-20T01:37:05 KST" duration-ms="2944" status="PASS">
          <reporter-output>
          </reporter-output>
        </test-method> <!-- initializeWebDriver -->
        <test-method is-config="true" signature="beforeTest(org.testng.ITestResult,org.testng.ITestContext,java.lang.reflect.Method)[pri:0, instance:Script._3_Contract@53fdffa1]" started-at="2023-02-20T01:37:05 KST" name="beforeTest" finished-at="2023-02-20T01:37:05 KST" duration-ms="1" status="PASS">
          <params>
            <param index="0">
              <value>
                <![CDATA[[TestResult name={null} status=CREATED method=_3_Contract.Contract()[pri:0, instance:Script._3_Contract@53fdffa1] output={null}]]]>
              </value>
            </param>
            <param index="1">
              <value>
                <![CDATA[org.testng.TestRunner@16073fa8]]>
              </value>
            </param>
            <param index="2">
              <value>
                <![CDATA[public void Script._3_Contract.Contract() throws java.lang.InterruptedException]]>
              </value>
            </param>
          </params>
          <reporter-output>
          </reporter-output>
        </test-method> <!-- beforeTest -->
        <test-method signature="Contract()[pri:0, instance:Script._3_Contract@53fdffa1]" started-at="2023-02-20T01:37:05 KST" name="Contract" finished-at="2023-02-20T01:37:15 KST" duration-ms="9915" status="FAIL">
          <exception class="org.openqa.selenium.ElementClickInterceptedException">
            <message>
              <![CDATA[element click intercepted: Element <button class="Btn Btn--bold Btn--lg Btn--white css-14es3vg" display="none,block" style="position: absolute; right: 18px;">...</button> is not clickable at point (1808, 855). Other element would receive the click: <div class="Overlay Overlay--high-z-index Overlay--active">...</div>
  (Session info: chrome=110.0.5481.77)
Build info: version: '3.141.59', revision: 'e82be7d358', time: '2018-11-14T08:17:03'
System info: host: 'DESKTOP-F3B2TKP', ip: '112.148.26.220', os.name: 'Windows 11', os.arch: 'amd64', os.version: '10.0', java.version: '17.0.4.1'
Driver info: org.openqa.selenium.chrome.ChromeDriver
Capabilities {acceptInsecureCerts: false, browserName: chrome, browserVersion: 110.0.5481.77, chrome: {chromedriverVersion: 110.0.5481.77 (65ed616c6e8e..., userDataDir: C:\Users\tncls\AppData\Loca...}, goog:chromeOptions: {debuggerAddress: localhost:53703}, javascriptEnabled: true, networkConnectionEnabled: false, pageLoadStrategy: normal, platform: WINDOWS, platformName: WINDOWS, proxy: Proxy(), setWindowRect: true, strictFileInteractability: false, timeouts: {implicit: 0, pageLoad: 300000, script: 30000}, unhandledPromptBehavior: dismiss and notify, webauthn:extension:credBlob: true, webauthn:extension:largeBlob: true, webauthn:virtualAuthenticators: true}
Session ID: dcc52f5bb1a8d37519ed19d28ef06e35]]>
            </message>
            <full-stacktrace>
              <![CDATA[org.openqa.selenium.ElementClickInterceptedException: element click intercepted: Element <button class="Btn Btn--bold Btn--lg Btn--white css-14es3vg" display="none,block" style="position: absolute; right: 18px;">...</button> is not clickable at point (1808, 855). Other element would receive the click: <div class="Overlay Overlay--high-z-index Overlay--active">...</div>
  (Session info: chrome=110.0.5481.77)
Build info: version: '3.141.59', revision: 'e82be7d358', time: '2018-11-14T08:17:03'
System info: host: 'DESKTOP-F3B2TKP', ip: '112.148.26.220', os.name: 'Windows 11', os.arch: 'amd64', os.version: '10.0', java.version: '17.0.4.1'
Driver info: org.openqa.selenium.chrome.ChromeDriver
Capabilities {acceptInsecureCerts: false, browserName: chrome, browserVersion: 110.0.5481.77, chrome: {chromedriverVersion: 110.0.5481.77 (65ed616c6e8e..., userDataDir: C:\Users\tncls\AppData\Loca...}, goog:chromeOptions: {debuggerAddress: localhost:53703}, javascriptEnabled: true, networkConnectionEnabled: false, pageLoadStrategy: normal, platform: WINDOWS, platformName: WINDOWS, proxy: Proxy(), setWindowRect: true, strictFileInteractability: false, timeouts: {implicit: 0, pageLoad: 300000, script: 30000}, unhandledPromptBehavior: dismiss and notify, webauthn:extension:credBlob: true, webauthn:extension:largeBlob: true, webauthn:virtualAuthenticators: true}
Session ID: dcc52f5bb1a8d37519ed19d28ef06e35
at java.base/jdk.internal.reflect.NativeConstructorAccessorImpl.newInstance0(Native Method)
at java.base/jdk.internal.reflect.NativeConstructorAccessorImpl.newInstance(NativeConstructorAccessorImpl.java:77)
at java.base/jdk.internal.reflect.DelegatingConstructorAccessorImpl.newInstance(DelegatingConstructorAccessorImpl.java:45)
at java.base/java.lang.reflect.Constructor.newInstanceWithCaller(Constructor.java:499)
at java.base/java.lang.reflect.Constructor.newInstance(Constructor.java:480)
at org.openqa.selenium.remote.http.W3CHttpResponseCodec.createException(W3CHttpResponseCodec.java:187)
at org.openqa.selenium.remote.http.W3CHttpResponseCodec.decode(W3CHttpResponseCodec.java:122)
at org.openqa.selenium.remote.http.W3CHttpResponseCodec.decode(W3CHttpResponseCodec.java:49)
at org.openqa.selenium.remote.HttpCommandExecutor.execute(HttpCommandExecutor.java:158)
at org.openqa.selenium.remote.service.DriverCommandExecutor.execute(DriverCommandExecutor.java:83)
at org.openqa.selenium.remote.RemoteWebDriver.execute(RemoteWebDriver.java:552)
at org.openqa.selenium.remote.RemoteWebElement.execute(RemoteWebElement.java:285)
at org.openqa.selenium.remote.RemoteWebElement.click(RemoteWebElement.java:84)
at jdk.internal.reflect.GeneratedMethodAccessor1.invoke(Unknown Source)
at java.base/jdk.internal.reflect.DelegatingMethodAccessorImpl.invoke(DelegatingMethodAccessorImpl.java:43)
at java.base/java.lang.reflect.Method.invoke(Method.java:568)
at org.openqa.selenium.support.pagefactory.internal.LocatingElementHandler.invoke(LocatingElementHandler.java:51)
at jdk.proxy2/jdk.proxy2.$Proxy16.click(Unknown Source)
at PagesObject._6_ContractSetup_Step3page.ContractSetup_Step3page_Setup(_6_ContractSetup_Step3page.java:60)
at Script._3_Contract.Contract(_3_Contract.java:23)
at java.base/jdk.internal.reflect.NativeMethodAccessorImpl.invoke0(Native Method)
at java.base/jdk.internal.reflect.NativeMethodAccessorImpl.invoke(NativeMethodAccessorImpl.java:77)
at java.base/jdk.internal.reflect.DelegatingMethodAccessorImpl.invoke(DelegatingMethodAccessorImpl.java:43)
at java.base/java.lang.reflect.Method.invoke(Method.java:568)
at org.testng.internal.MethodInvocationHelper.invokeMethod(MethodInvocationHelper.java:133)
at org.testng.internal.TestInvoker.invokeMethod(TestInvoker.java:598)
at org.testng.internal.TestInvoker.invokeTestMethod(TestInvoker.java:173)
at org.testng.internal.MethodRunner.runInSequence(MethodRunner.java:46)
at org.testng.internal.TestInvoker$MethodInvocationAgent.invoke(TestInvoker.java:824)
at org.testng.internal.TestInvoker.invokeTestMethods(TestInvoker.java:146)
at org.testng.internal.TestMethodWorker.invokeTestMethods(TestMethodWorker.java:146)
at org.testng.internal.TestMethodWorker.run(TestMethodWorker.java:128)
at java.base/java.util.ArrayList.forEach(ArrayList.java:1511)
at org.testng.TestRunner.privateRun(TestRunner.java:794)
at org.testng.TestRunner.run(TestRunner.java:596)
at org.testng.SuiteRunner.runTest(SuiteRunner.java:377)
at org.testng.SuiteRunner.runSequentially(SuiteRunner.java:371)
at org.testng.SuiteRunner.privateRun(SuiteRunner.java:332)
at org.testng.SuiteRunner.run(SuiteRunner.java:276)
at org.testng.SuiteRunnerWorker.runSuite(SuiteRunnerWorker.java:53)
at org.testng.SuiteRunnerWorker.run(SuiteRunnerWorker.java:96)
at org.testng.TestNG.runSuitesSequentially(TestNG.java:1212)
at org.testng.TestNG.runSuitesLocally(TestNG.java:1134)
at org.testng.TestNG.runSuites(TestNG.java:1063)
at org.testng.TestNG.run(TestNG.java:1031)
at org.testng.remote.AbstractRemoteTestNG.run(AbstractRemoteTestNG.java:115)
at org.testng.remote.RemoteTestNG.initAndRun(RemoteTestNG.java:251)
at org.testng.remote.RemoteTestNG.main(RemoteTestNG.java:77)
]]>
            </full-stacktrace>
          </exception> <!-- org.openqa.selenium.ElementClickInterceptedException -->
          <reporter-output>
          </reporter-output>
        </test-method> <!-- Contract -->
        <test-method is-config="true" signature="afterMethod(org.testng.ITestResult,org.testng.ITestContext)[pri:0, instance:Script._3_Contract@53fdffa1]" started-at="2023-02-20T01:37:15 KST" name="afterMethod" finished-at="2023-02-20T01:37:16 KST" duration-ms="1308" status="PASS">
          <params>
            <param index="0">
              <value>
                <![CDATA[[TestResult name=Contract status=FAILURE method=_3_Contract.Contract()[pri:0, instance:Script._3_Contract@53fdffa1] output={null}]]]>
              </value>
            </param>
            <param index="1">
              <value>
                <![CDATA[org.testng.TestRunner@16073fa8]]>
              </value>
            </param>
          </params>
          <reporter-output>
          </reporter-output>
        </test-method> <!-- afterMethod -->
        <test-method is-config="true" signature="tearDown()[pri:0, instance:Script._3_Contract@53fdffa1]" started-at="2023-02-20T01:37:16 KST" name="tearDown" finished-at="2023-02-20T01:37:16 KST" duration-ms="131" status="PASS">
          <reporter-output>
          </reporter-output>
        </test-method> <!-- tearDown -->
      </class> <!-- Script._3_Contract -->
    </test> <!-- Test -->
  </suite> <!-- jdohnnyjangjang -->
</testng-results>
